<?xml version="1.0" encoding="UTF-8"?>
<coverage generated="1585528946318" clover="3.2.0">
  <project timestamp="1585528946318" name="All files">
    <metrics statements="422" coveredstatements="96" conditionals="222" coveredconditionals="5" methods="95" coveredmethods="14" elements="739" coveredelements="115" complexity="0" loc="422" ncloc="422" packages="1" files="1" classes="1"/>
    <file name="model.js" path="/Users/longtran/Desktop/CatanOnline/server/Model/model.js">
      <metrics statements="422" coveredstatements="96" conditionals="222" coveredconditionals="5" methods="95" coveredmethods="14"/>
      <line num="1" count="1" type="stmt"/>
      <line num="2" count="1" type="stmt"/>
      <line num="4" count="45" type="stmt"/>
      <line num="5" count="1" type="stmt"/>
      <line num="9" count="8" type="stmt"/>
      <line num="10" count="25" type="stmt"/>
      <line num="11" count="1" type="stmt"/>
      <line num="12" count="1" type="stmt"/>
      <line num="13" count="0" type="stmt"/>
      <line num="14" count="0" type="stmt"/>
      <line num="15" count="0" type="cond" truecount="0" falsecount="3"/>
      <line num="17" count="1" type="stmt"/>
      <line num="18" count="0" type="stmt"/>
      <line num="19" count="0" type="cond" truecount="0" falsecount="2"/>
      <line num="21" count="0" type="stmt"/>
      <line num="24" count="1" type="stmt"/>
      <line num="45" count="1" type="stmt"/>
      <line num="56" count="1" type="stmt"/>
      <line num="74" count="1" type="stmt"/>
      <line num="75" count="1" type="stmt"/>
      <line num="76" count="1" type="stmt"/>
      <line num="78" count="43" type="stmt"/>
      <line num="79" count="1" type="stmt"/>
      <line num="80" count="1" type="cond" truecount="1" falsecount="1"/>
      <line num="81" count="0" type="stmt"/>
      <line num="85" count="1" type="stmt"/>
      <line num="86" count="0" type="stmt"/>
      <line num="87" count="0" type="stmt"/>
      <line num="88" count="0" type="stmt"/>
      <line num="91" count="1" type="stmt"/>
      <line num="92" count="16" type="stmt"/>
      <line num="93" count="0" type="stmt"/>
      <line num="97" count="1" type="stmt"/>
      <line num="98" count="0" type="stmt"/>
      <line num="100" count="0" type="cond" truecount="0" falsecount="2"/>
      <line num="105" count="1" type="stmt"/>
      <line num="106" count="0" type="cond" truecount="0" falsecount="2"/>
      <line num="108" count="1" type="stmt"/>
      <line num="109" count="0" type="stmt"/>
      <line num="110" count="0" type="stmt"/>
      <line num="111" count="0" type="cond" truecount="0" falsecount="5"/>
      <line num="112" count="0" type="cond" truecount="0" falsecount="6"/>
      <line num="113" count="0" type="cond" truecount="0" falsecount="4"/>
      <line num="114" count="0" type="cond" truecount="0" falsecount="4"/>
      <line num="115" count="0" type="stmt"/>
      <line num="118" count="1" type="stmt"/>
      <line num="119" count="0" type="stmt"/>
      <line num="120" count="0" type="stmt"/>
      <line num="121" count="0" type="stmt"/>
      <line num="122" count="0" type="stmt"/>
      <line num="123" count="0" type="stmt"/>
      <line num="124" count="0" type="cond" truecount="0" falsecount="5"/>
      <line num="129" count="0" type="stmt"/>
      <line num="130" count="0" type="stmt"/>
      <line num="131" count="0" type="stmt"/>
      <line num="132" count="0" type="cond" truecount="0" falsecount="2"/>
      <line num="134" count="0" type="stmt"/>
      <line num="136" count="0" type="stmt"/>
      <line num="137" count="0" type="stmt"/>
      <line num="139" count="0" type="stmt"/>
      <line num="140" count="0" type="stmt"/>
      <line num="141" count="0" type="stmt"/>
      <line num="142" count="0" type="stmt"/>
      <line num="143" count="0" type="cond" truecount="0" falsecount="4"/>
      <line num="144" count="0" type="cond" truecount="0" falsecount="2"/>
      <line num="146" count="0" type="stmt"/>
      <line num="149" count="0" type="stmt"/>
      <line num="150" count="0" type="stmt"/>
      <line num="151" count="0" type="stmt"/>
      <line num="152" count="0" type="cond" truecount="0" falsecount="3"/>
      <line num="153" count="0" type="cond" truecount="0" falsecount="2"/>
      <line num="154" count="0" type="cond" truecount="0" falsecount="2"/>
      <line num="155" count="0" type="stmt"/>
      <line num="156" count="0" type="stmt"/>
      <line num="157" count="0" type="stmt"/>
      <line num="158" count="0" type="stmt"/>
      <line num="161" count="0" type="stmt"/>
      <line num="162" count="0" type="stmt"/>
      <line num="166" count="0" type="stmt"/>
      <line num="167" count="0" type="stmt"/>
      <line num="168" count="0" type="stmt"/>
      <line num="169" count="0" type="cond" truecount="0" falsecount="3"/>
      <line num="170" count="0" type="cond" truecount="0" falsecount="2"/>
      <line num="171" count="0" type="cond" truecount="0" falsecount="2"/>
      <line num="172" count="0" type="stmt"/>
      <line num="173" count="0" type="stmt"/>
      <line num="174" count="0" type="stmt"/>
      <line num="175" count="0" type="stmt"/>
      <line num="178" count="0" type="stmt"/>
      <line num="179" count="0" type="stmt"/>
      <line num="183" count="0" type="cond" truecount="0" falsecount="2"/>
      <line num="184" count="0" type="stmt"/>
      <line num="185" count="0" type="cond" truecount="0" falsecount="2"/>
      <line num="186" count="0" type="stmt"/>
      <line num="187" count="0" type="stmt"/>
      <line num="188" count="0" type="stmt"/>
      <line num="191" count="0" type="stmt"/>
      <line num="192" count="0" type="stmt"/>
      <line num="193" count="0" type="cond" truecount="0" falsecount="4"/>
      <line num="194" count="0" type="stmt"/>
      <line num="195" count="0" type="stmt"/>
      <line num="196" count="0" type="stmt"/>
      <line num="197" count="0" type="stmt"/>
      <line num="198" count="0" type="stmt"/>
      <line num="201" count="0" type="stmt"/>
      <line num="202" count="0" type="stmt"/>
      <line num="204" count="0" type="stmt"/>
      <line num="207" count="0" type="stmt"/>
      <line num="210" count="0" type="stmt"/>
      <line num="212" count="0" type="stmt"/>
      <line num="213" count="0" type="stmt"/>
      <line num="216" count="1" type="stmt"/>
      <line num="217" count="0" type="stmt"/>
      <line num="218" count="0" type="cond" truecount="0" falsecount="2"/>
      <line num="219" count="0" type="cond" truecount="0" falsecount="2"/>
      <line num="220" count="0" type="cond" truecount="0" falsecount="2"/>
      <line num="221" count="0" type="cond" truecount="0" falsecount="2"/>
      <line num="222" count="0" type="cond" truecount="0" falsecount="2"/>
      <line num="225" count="1" type="stmt"/>
      <line num="226" count="0" type="stmt"/>
      <line num="227" count="0" type="stmt"/>
      <line num="230" count="1" type="stmt"/>
      <line num="231" count="0" type="stmt"/>
      <line num="232" count="0" type="stmt"/>
      <line num="233" count="0" type="stmt"/>
      <line num="234" count="0" type="stmt"/>
      <line num="237" count="1" type="stmt"/>
      <line num="238" count="0" type="cond" truecount="0" falsecount="2"/>
      <line num="239" count="0" type="stmt"/>
      <line num="240" count="0" type="stmt"/>
      <line num="241" count="0" type="stmt"/>
      <line num="244" count="1" type="stmt"/>
      <line num="245" count="0" type="stmt"/>
      <line num="246" count="0" type="stmt"/>
      <line num="247" count="0" type="stmt"/>
      <line num="250" count="1" type="stmt"/>
      <line num="251" count="0" type="stmt"/>
      <line num="252" count="0" type="stmt"/>
      <line num="255" count="1" type="stmt"/>
      <line num="256" count="0" type="stmt"/>
      <line num="257" count="0" type="stmt"/>
      <line num="258" count="0" type="stmt"/>
      <line num="259" count="0" type="stmt"/>
      <line num="262" count="1" type="stmt"/>
      <line num="263" count="0" type="stmt"/>
      <line num="264" count="0" type="stmt"/>
      <line num="265" count="0" type="stmt"/>
      <line num="268" count="1" type="stmt"/>
      <line num="269" count="0" type="stmt"/>
      <line num="270" count="0" type="stmt"/>
      <line num="273" count="1" type="stmt"/>
      <line num="274" count="0" type="cond" truecount="0" falsecount="4"/>
      <line num="277" count="1" type="cond" truecount="0" falsecount="2"/>
      <line num="279" count="1" type="cond" truecount="0" falsecount="3"/>
      <line num="281" count="1" type="cond" truecount="0" falsecount="2"/>
      <line num="285" count="1" type="stmt"/>
      <line num="286" count="1" type="stmt"/>
      <line num="296" count="1" type="stmt"/>
      <line num="301" count="1" type="stmt"/>
      <line num="306" count="8" type="stmt"/>
      <line num="308" count="10" type="stmt"/>
      <line num="310" count="1" type="stmt"/>
      <line num="311" count="19" type="stmt"/>
      <line num="312" count="19" type="cond" truecount="2" falsecount="0"/>
      <line num="313" count="19" type="stmt"/>
      <line num="316" count="1" type="stmt"/>
      <line num="325" count="1" type="stmt"/>
      <line num="326" count="1" type="stmt"/>
      <line num="327" count="1" type="stmt"/>
      <line num="328" count="1" type="stmt"/>
      <line num="329" count="7" type="stmt"/>
      <line num="330" count="7" type="stmt"/>
      <line num="331" count="7" type="stmt"/>
      <line num="332" count="37" type="stmt"/>
      <line num="333" count="37" type="cond" truecount="2" falsecount="0"/>
      <line num="334" count="37" type="stmt"/>
      <line num="335" count="37" type="stmt"/>
      <line num="339" count="1" type="stmt"/>
      <line num="340" count="1" type="stmt"/>
      <line num="343" count="1" type="stmt"/>
      <line num="344" count="12" type="stmt"/>
      <line num="345" count="0" type="stmt"/>
      <line num="348" count="1" type="stmt"/>
      <line num="349" count="0" type="stmt"/>
      <line num="350" count="0" type="stmt"/>
      <line num="351" count="0" type="stmt"/>
      <line num="352" count="0" type="cond" truecount="0" falsecount="2"/>
      <line num="353" count="0" type="cond" truecount="0" falsecount="2"/>
      <line num="354" count="0" type="stmt"/>
      <line num="356" count="0" type="cond" truecount="0" falsecount="2"/>
      <line num="357" count="0" type="cond" truecount="0" falsecount="2"/>
      <line num="360" count="0" type="stmt"/>
      <line num="363" count="1" type="stmt"/>
      <line num="364" count="0" type="stmt"/>
      <line num="365" count="0" type="stmt"/>
      <line num="366" count="0" type="stmt"/>
      <line num="368" count="0" type="stmt"/>
      <line num="371" count="1" type="stmt"/>
      <line num="372" count="0" type="stmt"/>
      <line num="373" count="0" type="stmt"/>
      <line num="374" count="0" type="stmt"/>
      <line num="375" count="0" type="cond" truecount="0" falsecount="2"/>
      <line num="376" count="0" type="stmt"/>
      <line num="380" count="0" type="stmt"/>
      <line num="383" count="1" type="stmt"/>
      <line num="384" count="0" type="stmt"/>
      <line num="385" count="0" type="stmt"/>
      <line num="386" count="0" type="stmt"/>
      <line num="387" count="0" type="stmt"/>
      <line num="388" count="0" type="stmt"/>
      <line num="389" count="0" type="cond" truecount="0" falsecount="2"/>
      <line num="391" count="0" type="stmt"/>
      <line num="392" count="0" type="stmt"/>
      <line num="395" count="1" type="stmt"/>
      <line num="396" count="0" type="stmt"/>
      <line num="397" count="0" type="stmt"/>
      <line num="398" count="0" type="stmt"/>
      <line num="401" count="1" type="stmt"/>
      <line num="402" count="0" type="stmt"/>
      <line num="403" count="0" type="stmt"/>
      <line num="404" count="0" type="stmt"/>
      <line num="407" count="1" type="stmt"/>
      <line num="408" count="0" type="cond" truecount="0" falsecount="4"/>
      <line num="409" count="0" type="stmt"/>
      <line num="410" count="0" type="cond" truecount="0" falsecount="4"/>
      <line num="411" count="0" type="stmt"/>
      <line num="412" count="0" type="stmt"/>
      <line num="413" count="0" type="stmt"/>
      <line num="414" count="0" type="stmt"/>
      <line num="415" count="0" type="stmt"/>
      <line num="416" count="0" type="stmt"/>
      <line num="417" count="0" type="stmt"/>
      <line num="418" count="0" type="cond" truecount="0" falsecount="2"/>
      <line num="419" count="0" type="cond" truecount="0" falsecount="2"/>
      <line num="421" count="0" type="stmt"/>
      <line num="422" count="0" type="cond" truecount="0" falsecount="4"/>
      <line num="423" count="0" type="stmt"/>
      <line num="424" count="0" type="cond" truecount="0" falsecount="2"/>
      <line num="425" count="0" type="cond" truecount="0" falsecount="2"/>
      <line num="428" count="0" type="stmt"/>
      <line num="430" count="1" type="stmt"/>
      <line num="431" count="0" type="stmt"/>
      <line num="432" count="0" type="cond" truecount="0" falsecount="2"/>
      <line num="434" count="0" type="stmt"/>
      <line num="436" count="1" type="stmt"/>
      <line num="437" count="0" type="stmt"/>
      <line num="438" count="0" type="stmt"/>
      <line num="439" count="0" type="stmt"/>
      <line num="440" count="0" type="cond" truecount="0" falsecount="2"/>
      <line num="442" count="0" type="stmt"/>
      <line num="444" count="1" type="stmt"/>
      <line num="445" count="0" type="stmt"/>
      <line num="446" count="0" type="stmt"/>
      <line num="447" count="0" type="stmt"/>
      <line num="448" count="0" type="cond" truecount="0" falsecount="4"/>
      <line num="450" count="0" type="stmt"/>
      <line num="451" count="0" type="cond" truecount="0" falsecount="2"/>
      <line num="453" count="0" type="stmt"/>
      <line num="456" count="1" type="stmt"/>
      <line num="457" count="0" type="stmt"/>
      <line num="458" count="0" type="stmt"/>
      <line num="459" count="0" type="stmt"/>
      <line num="460" count="0" type="cond" truecount="0" falsecount="6"/>
      <line num="461" count="0" type="stmt"/>
      <line num="464" count="0" type="stmt"/>
      <line num="467" count="1" type="stmt"/>
      <line num="468" count="0" type="stmt"/>
      <line num="472" count="1" type="stmt"/>
      <line num="473" count="1" type="stmt"/>
      <line num="474" count="1" type="stmt"/>
      <line num="481" count="1" type="stmt"/>
      <line num="482" count="1" type="stmt"/>
      <line num="483" count="1" type="stmt"/>
      <line num="486" count="1" type="stmt"/>
      <line num="487" count="0" type="stmt"/>
      <line num="488" count="0" type="stmt"/>
      <line num="489" count="0" type="stmt"/>
      <line num="490" count="0" type="cond" truecount="0" falsecount="2"/>
      <line num="491" count="0" type="cond" truecount="0" falsecount="2"/>
      <line num="493" count="0" type="stmt"/>
      <line num="494" count="0" type="stmt"/>
      <line num="495" count="0" type="stmt"/>
      <line num="496" count="0" type="cond" truecount="0" falsecount="2"/>
      <line num="497" count="0" type="stmt"/>
      <line num="499" count="0" type="stmt"/>
      <line num="502" count="1" type="stmt"/>
      <line num="503" count="0" type="stmt"/>
      <line num="504" count="0" type="stmt"/>
      <line num="505" count="0" type="cond" truecount="0" falsecount="2"/>
      <line num="506" count="0" type="cond" truecount="0" falsecount="2"/>
      <line num="507" count="0" type="stmt"/>
      <line num="508" count="0" type="cond" truecount="0" falsecount="2"/>
      <line num="509" count="0" type="stmt"/>
      <line num="510" count="0" type="stmt"/>
      <line num="511" count="0" type="stmt"/>
      <line num="514" count="1" type="stmt"/>
      <line num="515" count="0" type="stmt"/>
      <line num="516" count="0" type="cond" truecount="0" falsecount="2"/>
      <line num="517" count="0" type="cond" truecount="0" falsecount="2"/>
      <line num="518" count="0" type="stmt"/>
      <line num="519" count="0" type="cond" truecount="0" falsecount="2"/>
      <line num="520" count="0" type="stmt"/>
      <line num="521" count="0" type="stmt"/>
      <line num="522" count="0" type="stmt"/>
      <line num="525" count="1" type="stmt"/>
      <line num="526" count="0" type="stmt"/>
      <line num="527" count="0" type="stmt"/>
      <line num="528" count="0" type="cond" truecount="0" falsecount="2"/>
      <line num="529" count="0" type="cond" truecount="0" falsecount="2"/>
      <line num="530" count="0" type="stmt"/>
      <line num="531" count="0" type="cond" truecount="0" falsecount="2"/>
      <line num="532" count="0" type="stmt"/>
      <line num="533" count="0" type="stmt"/>
      <line num="534" count="0" type="stmt"/>
      <line num="537" count="1" type="stmt"/>
      <line num="538" count="0" type="stmt"/>
      <line num="539" count="0" type="stmt"/>
      <line num="540" count="0" type="cond" truecount="0" falsecount="2"/>
      <line num="541" count="0" type="stmt"/>
      <line num="542" count="0" type="stmt"/>
      <line num="543" count="0" type="stmt"/>
      <line num="544" count="0" type="stmt"/>
      <line num="547" count="1" type="stmt"/>
      <line num="548" count="0" type="stmt"/>
      <line num="549" count="0" type="stmt"/>
      <line num="550" count="0" type="stmt"/>
      <line num="551" count="0" type="stmt"/>
      <line num="552" count="0" type="cond" truecount="0" falsecount="4"/>
      <line num="553" count="0" type="cond" truecount="0" falsecount="4"/>
      <line num="554" count="0" type="stmt"/>
      <line num="555" count="0" type="stmt"/>
      <line num="556" count="0" type="stmt"/>
      <line num="559" count="1" type="stmt"/>
      <line num="560" count="0" type="cond" truecount="0" falsecount="2"/>
      <line num="561" count="0" type="stmt"/>
      <line num="562" count="0" type="cond" truecount="0" falsecount="2"/>
      <line num="563" count="0" type="stmt"/>
      <line num="564" count="0" type="stmt"/>
      <line num="565" count="0" type="stmt"/>
      <line num="566" count="0" type="stmt"/>
      <line num="569" count="1" type="stmt"/>
      <line num="570" count="0" type="stmt"/>
      <line num="571" count="0" type="stmt"/>
      <line num="572" count="0" type="stmt"/>
      <line num="573" count="0" type="stmt"/>
      <line num="574" count="0" type="cond" truecount="0" falsecount="2"/>
      <line num="576" count="0" type="stmt"/>
      <line num="578" count="0" type="stmt"/>
      <line num="579" count="0" type="stmt"/>
      <line num="580" count="0" type="stmt"/>
      <line num="581" count="0" type="stmt"/>
      <line num="582" count="0" type="cond" truecount="0" falsecount="2"/>
      <line num="583" count="0" type="stmt"/>
      <line num="584" count="0" type="stmt"/>
      <line num="585" count="0" type="stmt"/>
      <line num="586" count="0" type="cond" truecount="0" falsecount="2"/>
      <line num="588" count="0" type="stmt"/>
      <line num="590" count="0" type="cond" truecount="0" falsecount="2"/>
      <line num="591" count="0" type="stmt"/>
      <line num="592" count="0" type="stmt"/>
      <line num="593" count="0" type="stmt"/>
      <line num="594" count="0" type="cond" truecount="0" falsecount="2"/>
      <line num="596" count="0" type="stmt"/>
      <line num="599" count="0" type="stmt"/>
      <line num="602" count="1" type="stmt"/>
      <line num="603" count="0" type="stmt"/>
      <line num="604" count="0" type="stmt"/>
      <line num="605" count="0" type="stmt"/>
      <line num="606" count="0" type="stmt"/>
      <line num="607" count="0" type="stmt"/>
      <line num="608" count="0" type="stmt"/>
      <line num="610" count="0" type="stmt"/>
      <line num="611" count="0" type="stmt"/>
      <line num="613" count="0" type="stmt"/>
      <line num="614" count="0" type="stmt"/>
      <line num="615" count="0" type="stmt"/>
      <line num="616" count="0" type="stmt"/>
      <line num="618" count="0" type="stmt"/>
      <line num="619" count="0" type="stmt"/>
      <line num="620" count="0" type="stmt"/>
      <line num="622" count="0" type="stmt"/>
      <line num="623" count="0" type="cond" truecount="0" falsecount="2"/>
      <line num="625" count="0" type="stmt"/>
      <line num="628" count="1" type="stmt"/>
      <line num="629" count="0" type="stmt"/>
      <line num="630" count="0" type="stmt"/>
      <line num="631" count="0" type="stmt"/>
      <line num="632" count="0" type="stmt"/>
      <line num="633" count="0" type="stmt"/>
      <line num="634" count="0" type="stmt"/>
      <line num="637" count="1" type="stmt"/>
      <line num="638" count="0" type="stmt"/>
      <line num="639" count="0" type="stmt"/>
      <line num="640" count="0" type="cond" truecount="0" falsecount="2"/>
      <line num="641" count="0" type="cond" truecount="0" falsecount="2"/>
      <line num="642" count="0" type="cond" truecount="0" falsecount="2"/>
      <line num="643" count="0" type="cond" truecount="0" falsecount="2"/>
      <line num="644" count="0" type="cond" truecount="0" falsecount="2"/>
      <line num="647" count="0" type="stmt"/>
      <line num="648" count="0" type="cond" truecount="0" falsecount="2"/>
      <line num="649" count="0" type="stmt"/>
      <line num="650" count="0" type="stmt"/>
      <line num="651" count="0" type="cond" truecount="0" falsecount="5"/>
      <line num="652" count="0" type="stmt"/>
      <line num="655" count="0" type="stmt"/>
      <line num="656" count="0" type="cond" truecount="0" falsecount="5"/>
      <line num="657" count="0" type="stmt"/>
      <line num="664" count="0" type="stmt"/>
      <line num="667" count="1" type="stmt"/>
      <line num="668" count="0" type="stmt"/>
      <line num="669" count="0" type="stmt"/>
      <line num="670" count="0" type="stmt"/>
      <line num="671" count="0" type="cond" truecount="0" falsecount="2"/>
      <line num="672" count="0" type="stmt"/>
      <line num="673" count="0" type="stmt"/>
      <line num="674" count="0" type="stmt"/>
      <line num="677" count="0" type="stmt"/>
      <line num="678" count="0" type="stmt"/>
      <line num="681" count="1" type="stmt"/>
      <line num="682" count="0" type="stmt"/>
      <line num="683" count="0" type="stmt"/>
      <line num="686" count="1" type="stmt"/>
    </file>
  </project>
</coverage>
