{"/Users/longtran/Desktop/CatanOnline/server/Model/model.js": {"path":"/Users/longtran/Desktop/CatanOnline/server/Model/model.js","statementMap":{"0":{"start":{"line":1,"column":17},"end":{"line":1,"column":36}},"1":{"start":{"line":2,"column":10},"end":{"line":2,"column":27}},"2":{"start":{"line":4,"column":26},"end":{"line":4,"column":78}},"3":{"start":{"line":4,"column":35},"end":{"line":4,"column":78}},"4":{"start":{"line":5,"column":23},"end":{"line":8,"column":1}},"5":{"start":{"line":9,"column":26},"end":{"line":9,"column":51}},"6":{"start":{"line":9,"column":31},"end":{"line":9,"column":50}},"7":{"start":{"line":10,"column":26},"end":{"line":10,"column":58}},"8":{"start":{"line":10,"column":39},"end":{"line":10,"column":57}},"9":{"start":{"line":11,"column":37},"end":{"line":11,"column":58}},"10":{"start":{"line":11,"column":45},"end":{"line":11,"column":58}},"11":{"start":{"line":12,"column":25},"end":{"line":16,"column":1}},"12":{"start":{"line":13,"column":23},"end":{"line":13,"column":37}},"13":{"start":{"line":14,"column":22},"end":{"line":14,"column":36}},"14":{"start":{"line":15,"column":4},"end":{"line":15,"column":85}},"15":{"start":{"line":17,"column":39},"end":{"line":22,"column":1}},"16":{"start":{"line":18,"column":4},"end":{"line":20,"column":5}},"17":{"start":{"line":19,"column":8},"end":{"line":19,"column":52}},"18":{"start":{"line":19,"column":41},"end":{"line":19,"column":52}},"19":{"start":{"line":21,"column":4},"end":{"line":21,"column":16}},"20":{"start":{"line":24,"column":21},"end":{"line":43,"column":2}},"21":{"start":{"line":45,"column":19},"end":{"line":54,"column":2}},"22":{"start":{"line":56,"column":19},"end":{"line":72,"column":2}},"23":{"start":{"line":74,"column":15},"end":{"line":74,"column":53}},"24":{"start":{"line":75,"column":13},"end":{"line":75,"column":47}},"25":{"start":{"line":76,"column":14},"end":{"line":76,"column":48}},"26":{"start":{"line":78,"column":21},"end":{"line":82,"column":1}},"27":{"start":{"line":78,"column":29},"end":{"line":82,"column":1}},"28":{"start":{"line":79,"column":4},"end":{"line":81,"column":42}},"29":{"start":{"line":79,"column":23},"end":{"line":79,"column":47}},"30":{"start":{"line":80,"column":8},"end":{"line":80,"column":49}},"31":{"start":{"line":81,"column":13},"end":{"line":81,"column":28}},"32":{"start":{"line":81,"column":28},"end":{"line":81,"column":41}},"33":{"start":{"line":85,"column":19},"end":{"line":89,"column":2}},"34":{"start":{"line":86,"column":17},"end":{"line":86,"column":62}},"35":{"start":{"line":87,"column":19},"end":{"line":87,"column":41}},"36":{"start":{"line":88,"column":4},"end":{"line":88,"column":24}},"37":{"start":{"line":91,"column":30},"end":{"line":94,"column":6}},"38":{"start":{"line":92,"column":4},"end":{"line":94,"column":6}},"39":{"start":{"line":93,"column":8},"end":{"line":93,"column":82}},"40":{"start":{"line":97,"column":18},"end":{"line":103,"column":1}},"41":{"start":{"line":98,"column":4},"end":{"line":102,"column":30}},"42":{"start":{"line":100,"column":49},"end":{"line":100,"column":79}},"43":{"start":{"line":105,"column":24},"end":{"line":106,"column":85}},"44":{"start":{"line":106,"column":0},"end":{"line":106,"column":84}},"45":{"start":{"line":106,"column":50},"end":{"line":106,"column":81}},"46":{"start":{"line":108,"column":28},"end":{"line":116,"column":2}},"47":{"start":{"line":109,"column":19},"end":{"line":109,"column":21}},"48":{"start":{"line":110,"column":72},"end":{"line":110,"column":78}},"49":{"start":{"line":111,"column":4},"end":{"line":111,"column":80}},"50":{"start":{"line":111,"column":49},"end":{"line":111,"column":80}},"51":{"start":{"line":112,"column":4},"end":{"line":112,"column":89}},"52":{"start":{"line":112,"column":64},"end":{"line":112,"column":89}},"53":{"start":{"line":113,"column":4},"end":{"line":113,"column":53}},"54":{"start":{"line":113,"column":34},"end":{"line":113,"column":53}},"55":{"start":{"line":114,"column":4},"end":{"line":114,"column":63}},"56":{"start":{"line":114,"column":44},"end":{"line":114,"column":63}},"57":{"start":{"line":115,"column":4},"end":{"line":115,"column":17}},"58":{"start":{"line":118,"column":30},"end":{"line":214,"column":2}},"59":{"start":{"line":119,"column":19},"end":{"line":119,"column":31}},"60":{"start":{"line":120,"column":45},"end":{"line":208,"column":5}},"61":{"start":{"line":121,"column":30},"end":{"line":127,"column":9}},"62":{"start":{"line":122,"column":51},"end":{"line":122,"column":86}},"63":{"start":{"line":123,"column":53},"end":{"line":123,"column":88}},"64":{"start":{"line":124,"column":12},"end":{"line":126,"column":219}},"65":{"start":{"line":129,"column":48},"end":{"line":135,"column":9}},"66":{"start":{"line":130,"column":30},"end":{"line":130,"column":32}},"67":{"start":{"line":131,"column":12},"end":{"line":133,"column":14}},"68":{"start":{"line":132,"column":16},"end":{"line":132,"column":59}},"69":{"start":{"line":132,"column":42},"end":{"line":132,"column":59}},"70":{"start":{"line":134,"column":12},"end":{"line":134,"column":28}},"71":{"start":{"line":136,"column":23},"end":{"line":136,"column":25}},"72":{"start":{"line":137,"column":27},"end":{"line":137,"column":72}},"73":{"start":{"line":139,"column":34},"end":{"line":147,"column":9}},"74":{"start":{"line":140,"column":24},"end":{"line":140,"column":25}},"75":{"start":{"line":141,"column":12},"end":{"line":145,"column":13}},"76":{"start":{"line":142,"column":45},"end":{"line":142,"column":79}},"77":{"start":{"line":143,"column":16},"end":{"line":143,"column":95}},"78":{"start":{"line":143,"column":88},"end":{"line":143,"column":95}},"79":{"start":{"line":144,"column":16},"end":{"line":144,"column":41}},"80":{"start":{"line":144,"column":30},"end":{"line":144,"column":41}},"81":{"start":{"line":146,"column":12},"end":{"line":146,"column":24}},"82":{"start":{"line":149,"column":43},"end":{"line":164,"column":9}},"83":{"start":{"line":150,"column":33},"end":{"line":150,"column":70}},"84":{"start":{"line":151,"column":53},"end":{"line":151,"column":95}},"85":{"start":{"line":152,"column":31},"end":{"line":152,"column":215}},"86":{"start":{"line":152,"column":87},"end":{"line":152,"column":214}},"87":{"start":{"line":153,"column":12},"end":{"line":163,"column":13}},"88":{"start":{"line":154,"column":16},"end":{"line":160,"column":17}},"89":{"start":{"line":155,"column":20},"end":{"line":159,"column":21}},"90":{"start":{"line":155,"column":32},"end":{"line":155,"column":33}},"91":{"start":{"line":156,"column":42},"end":{"line":156,"column":76}},"92":{"start":{"line":157,"column":24},"end":{"line":157,"column":48}},"93":{"start":{"line":158,"column":24},"end":{"line":158,"column":61}},"94":{"start":{"line":161,"column":16},"end":{"line":161,"column":49}},"95":{"start":{"line":162,"column":16},"end":{"line":162,"column":57}},"96":{"start":{"line":166,"column":50},"end":{"line":181,"column":9}},"97":{"start":{"line":167,"column":33},"end":{"line":167,"column":49}},"98":{"start":{"line":168,"column":53},"end":{"line":168,"column":95}},"99":{"start":{"line":169,"column":31},"end":{"line":169,"column":215}},"100":{"start":{"line":169,"column":87},"end":{"line":169,"column":214}},"101":{"start":{"line":170,"column":12},"end":{"line":180,"column":13}},"102":{"start":{"line":171,"column":16},"end":{"line":177,"column":17}},"103":{"start":{"line":172,"column":20},"end":{"line":176,"column":21}},"104":{"start":{"line":172,"column":32},"end":{"line":172,"column":33}},"105":{"start":{"line":173,"column":42},"end":{"line":173,"column":76}},"106":{"start":{"line":174,"column":24},"end":{"line":174,"column":48}},"107":{"start":{"line":175,"column":24},"end":{"line":175,"column":68}},"108":{"start":{"line":178,"column":16},"end":{"line":178,"column":52}},"109":{"start":{"line":179,"column":16},"end":{"line":179,"column":64}},"110":{"start":{"line":183,"column":8},"end":{"line":206,"column":9}},"111":{"start":{"line":184,"column":34},"end":{"line":184,"column":36}},"112":{"start":{"line":185,"column":12},"end":{"line":205,"column":13}},"113":{"start":{"line":186,"column":16},"end":{"line":186,"column":62}},"114":{"start":{"line":187,"column":16},"end":{"line":187,"column":46}},"115":{"start":{"line":188,"column":16},"end":{"line":188,"column":59}},"116":{"start":{"line":191,"column":16},"end":{"line":191,"column":76}},"117":{"start":{"line":192,"column":55},"end":{"line":192,"column":97}},"118":{"start":{"line":193,"column":16},"end":{"line":203,"column":17}},"119":{"start":{"line":194,"column":20},"end":{"line":194,"column":66}},"120":{"start":{"line":195,"column":46},"end":{"line":195,"column":74}},"121":{"start":{"line":196,"column":20},"end":{"line":196,"column":63}},"122":{"start":{"line":197,"column":20},"end":{"line":197,"column":65}},"123":{"start":{"line":198,"column":20},"end":{"line":198,"column":52}},"124":{"start":{"line":201,"column":20},"end":{"line":201,"column":70}},"125":{"start":{"line":202,"column":20},"end":{"line":202,"column":63}},"126":{"start":{"line":204,"column":16},"end":{"line":204,"column":46}},"127":{"start":{"line":207,"column":8},"end":{"line":207,"column":23}},"128":{"start":{"line":210,"column":21},"end":{"line":210,"column":128}},"129":{"start":{"line":212,"column":22},"end":{"line":212,"column":54}},"130":{"start":{"line":212,"column":47},"end":{"line":212,"column":53}},"131":{"start":{"line":213,"column":4},"end":{"line":213,"column":33}},"132":{"start":{"line":216,"column":29},"end":{"line":223,"column":1}},"133":{"start":{"line":217,"column":42},"end":{"line":217,"column":56}},"134":{"start":{"line":218,"column":4},"end":{"line":218,"column":36}},"135":{"start":{"line":219,"column":4},"end":{"line":219,"column":34}},"136":{"start":{"line":220,"column":4},"end":{"line":220,"column":36}},"137":{"start":{"line":221,"column":4},"end":{"line":221,"column":34}},"138":{"start":{"line":222,"column":4},"end":{"line":222,"column":36}},"139":{"start":{"line":225,"column":31},"end":{"line":228,"column":2}},"140":{"start":{"line":226,"column":4},"end":{"line":226,"column":47}},"141":{"start":{"line":227,"column":4},"end":{"line":227,"column":21}},"142":{"start":{"line":230,"column":35},"end":{"line":235,"column":2}},"143":{"start":{"line":231,"column":4},"end":{"line":231,"column":38}},"144":{"start":{"line":232,"column":4},"end":{"line":232,"column":43}},"145":{"start":{"line":233,"column":4},"end":{"line":233,"column":60}},"146":{"start":{"line":234,"column":4},"end":{"line":234,"column":21}},"147":{"start":{"line":237,"column":29},"end":{"line":242,"column":2}},"148":{"start":{"line":238,"column":4},"end":{"line":238,"column":63}},"149":{"start":{"line":238,"column":51},"end":{"line":238,"column":63}},"150":{"start":{"line":239,"column":4},"end":{"line":239,"column":75}},"151":{"start":{"line":240,"column":4},"end":{"line":240,"column":21}},"152":{"start":{"line":241,"column":4},"end":{"line":241,"column":15}},"153":{"start":{"line":244,"column":32},"end":{"line":248,"column":2}},"154":{"start":{"line":245,"column":4},"end":{"line":245,"column":37}},"155":{"start":{"line":246,"column":4},"end":{"line":246,"column":69}},"156":{"start":{"line":247,"column":4},"end":{"line":247,"column":21}},"157":{"start":{"line":250,"column":39},"end":{"line":253,"column":2}},"158":{"start":{"line":251,"column":4},"end":{"line":251,"column":37}},"159":{"start":{"line":252,"column":4},"end":{"line":252,"column":21}},"160":{"start":{"line":255,"column":26},"end":{"line":260,"column":2}},"161":{"start":{"line":256,"column":4},"end":{"line":256,"column":71}},"162":{"start":{"line":256,"column":56},"end":{"line":256,"column":70}},"163":{"start":{"line":257,"column":4},"end":{"line":257,"column":32}},"164":{"start":{"line":258,"column":4},"end":{"line":258,"column":51}},"165":{"start":{"line":259,"column":4},"end":{"line":259,"column":21}},"166":{"start":{"line":262,"column":26},"end":{"line":266,"column":2}},"167":{"start":{"line":263,"column":4},"end":{"line":263,"column":27}},"168":{"start":{"line":264,"column":4},"end":{"line":264,"column":51}},"169":{"start":{"line":265,"column":4},"end":{"line":265,"column":21}},"170":{"start":{"line":268,"column":33},"end":{"line":271,"column":2}},"171":{"start":{"line":269,"column":4},"end":{"line":269,"column":27}},"172":{"start":{"line":270,"column":4},"end":{"line":270,"column":21}},"173":{"start":{"line":273,"column":33},"end":{"line":275,"column":2}},"174":{"start":{"line":274,"column":4},"end":{"line":274,"column":96}},"175":{"start":{"line":277,"column":27},"end":{"line":277,"column":117}},"176":{"start":{"line":277,"column":66},"end":{"line":277,"column":115}},"177":{"start":{"line":279,"column":36},"end":{"line":279,"column":138}},"178":{"start":{"line":279,"column":75},"end":{"line":279,"column":136}},"179":{"start":{"line":281,"column":27},"end":{"line":281,"column":107}},"180":{"start":{"line":281,"column":66},"end":{"line":281,"column":105}},"181":{"start":{"line":285,"column":22},"end":{"line":341,"column":1}},"182":{"start":{"line":286,"column":34},"end":{"line":293,"column":5}},"183":{"start":{"line":296,"column":4},"end":{"line":299,"column":5}},"184":{"start":{"line":301,"column":28},"end":{"line":304,"column":5}},"185":{"start":{"line":306,"column":17},"end":{"line":306,"column":86}},"186":{"start":{"line":306,"column":22},"end":{"line":306,"column":85}},"187":{"start":{"line":308,"column":16},"end":{"line":308,"column":50}},"188":{"start":{"line":308,"column":21},"end":{"line":308,"column":49}},"189":{"start":{"line":310,"column":21},"end":{"line":314,"column":5}},"190":{"start":{"line":311,"column":19},"end":{"line":311,"column":61}},"191":{"start":{"line":312,"column":19},"end":{"line":312,"column":128}},"192":{"start":{"line":313,"column":8},"end":{"line":313,"column":19}},"193":{"start":{"line":316,"column":24},"end":{"line":324,"column":5}},"194":{"start":{"line":325,"column":26},"end":{"line":325,"column":28}},"195":{"start":{"line":326,"column":24},"end":{"line":326,"column":26}},"196":{"start":{"line":327,"column":17},"end":{"line":327,"column":19}},"197":{"start":{"line":328,"column":4},"end":{"line":337,"column":6}},"198":{"start":{"line":329,"column":8},"end":{"line":329,"column":30}},"199":{"start":{"line":330,"column":8},"end":{"line":330,"column":28}},"200":{"start":{"line":331,"column":8},"end":{"line":336,"column":10}},"201":{"start":{"line":332,"column":38},"end":{"line":332,"column":42}},"202":{"start":{"line":333,"column":12},"end":{"line":333,"column":58}},"203":{"start":{"line":333,"column":38},"end":{"line":333,"column":58}},"204":{"start":{"line":334,"column":12},"end":{"line":334,"column":46}},"205":{"start":{"line":335,"column":12},"end":{"line":335,"column":42}},"206":{"start":{"line":339,"column":17},"end":{"line":339,"column":98}},"207":{"start":{"line":340,"column":4},"end":{"line":340,"column":15}},"208":{"start":{"line":343,"column":28},"end":{"line":346,"column":6}},"209":{"start":{"line":344,"column":4},"end":{"line":346,"column":6}},"210":{"start":{"line":345,"column":8},"end":{"line":345,"column":63}},"211":{"start":{"line":348,"column":28},"end":{"line":361,"column":2}},"212":{"start":{"line":349,"column":19},"end":{"line":349,"column":21}},"213":{"start":{"line":350,"column":4},"end":{"line":359,"column":5}},"214":{"start":{"line":350,"column":16},"end":{"line":350,"column":17}},"215":{"start":{"line":351,"column":8},"end":{"line":358,"column":9}},"216":{"start":{"line":351,"column":20},"end":{"line":351,"column":21}},"217":{"start":{"line":352,"column":12},"end":{"line":355,"column":13}},"218":{"start":{"line":353,"column":16},"end":{"line":353,"column":76}},"219":{"start":{"line":353,"column":46},"end":{"line":353,"column":76}},"220":{"start":{"line":354,"column":16},"end":{"line":354,"column":24}},"221":{"start":{"line":356,"column":12},"end":{"line":356,"column":80}},"222":{"start":{"line":356,"column":48},"end":{"line":356,"column":80}},"223":{"start":{"line":357,"column":12},"end":{"line":357,"column":80}},"224":{"start":{"line":357,"column":48},"end":{"line":357,"column":80}},"225":{"start":{"line":360,"column":4},"end":{"line":360,"column":17}},"226":{"start":{"line":363,"column":46},"end":{"line":369,"column":2}},"227":{"start":{"line":364,"column":22},"end":{"line":364,"column":53}},"228":{"start":{"line":365,"column":4},"end":{"line":367,"column":6}},"229":{"start":{"line":366,"column":8},"end":{"line":366,"column":70}},"230":{"start":{"line":366,"column":40},"end":{"line":366,"column":69}},"231":{"start":{"line":368,"column":4},"end":{"line":368,"column":20}},"232":{"start":{"line":371,"column":29},"end":{"line":381,"column":2}},"233":{"start":{"line":372,"column":22},"end":{"line":372,"column":24}},"234":{"start":{"line":373,"column":4},"end":{"line":379,"column":5}},"235":{"start":{"line":374,"column":8},"end":{"line":378,"column":9}},"236":{"start":{"line":375,"column":12},"end":{"line":377,"column":13}},"237":{"start":{"line":376,"column":16},"end":{"line":376,"column":37}},"238":{"start":{"line":380,"column":4},"end":{"line":380,"column":64}},"239":{"start":{"line":380,"column":34},"end":{"line":380,"column":63}},"240":{"start":{"line":383,"column":30},"end":{"line":393,"column":2}},"241":{"start":{"line":384,"column":4},"end":{"line":384,"column":34}},"242":{"start":{"line":385,"column":4},"end":{"line":385,"column":35}},"243":{"start":{"line":386,"column":30},"end":{"line":386,"column":32}},"244":{"start":{"line":387,"column":19},"end":{"line":387,"column":36}},"245":{"start":{"line":388,"column":4},"end":{"line":390,"column":6}},"246":{"start":{"line":389,"column":8},"end":{"line":389,"column":98}},"247":{"start":{"line":389,"column":51},"end":{"line":389,"column":98}},"248":{"start":{"line":391,"column":4},"end":{"line":391,"column":21}},"249":{"start":{"line":392,"column":4},"end":{"line":392,"column":28}},"250":{"start":{"line":395,"column":24},"end":{"line":399,"column":2}},"251":{"start":{"line":396,"column":4},"end":{"line":396,"column":78}},"252":{"start":{"line":396,"column":48},"end":{"line":396,"column":77}},"253":{"start":{"line":397,"column":4},"end":{"line":397,"column":30}},"254":{"start":{"line":398,"column":4},"end":{"line":398,"column":21}},"255":{"start":{"line":401,"column":24},"end":{"line":405,"column":2}},"256":{"start":{"line":402,"column":4},"end":{"line":402,"column":34}},"257":{"start":{"line":403,"column":4},"end":{"line":403,"column":29}},"258":{"start":{"line":404,"column":4},"end":{"line":404,"column":21}},"259":{"start":{"line":407,"column":32},"end":{"line":429,"column":2}},"260":{"start":{"line":408,"column":20},"end":{"line":408,"column":106}},"261":{"start":{"line":408,"column":30},"end":{"line":408,"column":105}},"262":{"start":{"line":409,"column":42},"end":{"line":409,"column":59}},"263":{"start":{"line":410,"column":23},"end":{"line":410,"column":105}},"264":{"start":{"line":411,"column":20},"end":{"line":411,"column":60}},"265":{"start":{"line":411,"column":42},"end":{"line":411,"column":59}},"266":{"start":{"line":412,"column":4},"end":{"line":412,"column":42}},"267":{"start":{"line":412,"column":36},"end":{"line":412,"column":41}},"268":{"start":{"line":413,"column":36},"end":{"line":413,"column":65}},"269":{"start":{"line":414,"column":26},"end":{"line":414,"column":36}},"270":{"start":{"line":415,"column":31},"end":{"line":415,"column":48}},"271":{"start":{"line":416,"column":32},"end":{"line":416,"column":49}},"272":{"start":{"line":417,"column":19},"end":{"line":417,"column":21}},"273":{"start":{"line":418,"column":4},"end":{"line":418,"column":91}},"274":{"start":{"line":418,"column":36},"end":{"line":418,"column":91}},"275":{"start":{"line":419,"column":4},"end":{"line":419,"column":93}},"276":{"start":{"line":419,"column":37},"end":{"line":419,"column":93}},"277":{"start":{"line":421,"column":33},"end":{"line":421,"column":72}},"278":{"start":{"line":422,"column":4},"end":{"line":426,"column":5}},"279":{"start":{"line":423,"column":35},"end":{"line":423,"column":124}},"280":{"start":{"line":424,"column":34},"end":{"line":424,"column":103}},"281":{"start":{"line":425,"column":8},"end":{"line":425,"column":82}},"282":{"start":{"line":425,"column":39},"end":{"line":425,"column":82}},"283":{"start":{"line":428,"column":4},"end":{"line":428,"column":36}},"284":{"start":{"line":428,"column":27},"end":{"line":428,"column":35}},"285":{"start":{"line":430,"column":28},"end":{"line":435,"column":2}},"286":{"start":{"line":431,"column":4},"end":{"line":433,"column":5}},"287":{"start":{"line":432,"column":8},"end":{"line":432,"column":52}},"288":{"start":{"line":432,"column":41},"end":{"line":432,"column":52}},"289":{"start":{"line":434,"column":4},"end":{"line":434,"column":16}},"290":{"start":{"line":436,"column":41},"end":{"line":443,"column":2}},"291":{"start":{"line":437,"column":22},"end":{"line":437,"column":68}},"292":{"start":{"line":438,"column":4},"end":{"line":441,"column":5}},"293":{"start":{"line":439,"column":19},"end":{"line":439,"column":54}},"294":{"start":{"line":440,"column":8},"end":{"line":440,"column":27}},"295":{"start":{"line":440,"column":15},"end":{"line":440,"column":27}},"296":{"start":{"line":442,"column":4},"end":{"line":442,"column":15}},"297":{"start":{"line":444,"column":29},"end":{"line":454,"column":2}},"298":{"start":{"line":445,"column":24},"end":{"line":449,"column":5}},"299":{"start":{"line":446,"column":43},"end":{"line":446,"column":75}},"300":{"start":{"line":447,"column":43},"end":{"line":447,"column":75}},"301":{"start":{"line":448,"column":8},"end":{"line":448,"column":199}},"302":{"start":{"line":450,"column":4},"end":{"line":452,"column":5}},"303":{"start":{"line":451,"column":8},"end":{"line":451,"column":50}},"304":{"start":{"line":451,"column":39},"end":{"line":451,"column":50}},"305":{"start":{"line":453,"column":4},"end":{"line":453,"column":16}},"306":{"start":{"line":456,"column":39},"end":{"line":465,"column":2}},"307":{"start":{"line":457,"column":19},"end":{"line":457,"column":21}},"308":{"start":{"line":458,"column":4},"end":{"line":463,"column":5}},"309":{"start":{"line":458,"column":16},"end":{"line":458,"column":17}},"310":{"start":{"line":459,"column":8},"end":{"line":462,"column":9}},"311":{"start":{"line":459,"column":18},"end":{"line":459,"column":19}},"312":{"start":{"line":460,"column":12},"end":{"line":460,"column":173}},"313":{"start":{"line":460,"column":165},"end":{"line":460,"column":173}},"314":{"start":{"line":461,"column":12},"end":{"line":461,"column":30}},"315":{"start":{"line":464,"column":4},"end":{"line":464,"column":17}},"316":{"start":{"line":467,"column":23},"end":{"line":469,"column":2}},"317":{"start":{"line":468,"column":4},"end":{"line":468,"column":31}},"318":{"start":{"line":472,"column":21},"end":{"line":484,"column":2}},"319":{"start":{"line":473,"column":17},"end":{"line":473,"column":37}},"320":{"start":{"line":474,"column":32},"end":{"line":480,"column":5}},"321":{"start":{"line":481,"column":17},"end":{"line":481,"column":62}},"322":{"start":{"line":482,"column":4},"end":{"line":482,"column":21}},"323":{"start":{"line":483,"column":4},"end":{"line":483,"column":15}},"324":{"start":{"line":486,"column":42},"end":{"line":500,"column":2}},"325":{"start":{"line":487,"column":25},"end":{"line":487,"column":27}},"326":{"start":{"line":488,"column":4},"end":{"line":492,"column":6}},"327":{"start":{"line":489,"column":37},"end":{"line":489,"column":71}},"328":{"start":{"line":490,"column":8},"end":{"line":490,"column":79}},"329":{"start":{"line":490,"column":53},"end":{"line":490,"column":79}},"330":{"start":{"line":491,"column":8},"end":{"line":491,"column":85}},"331":{"start":{"line":491,"column":56},"end":{"line":491,"column":85}},"332":{"start":{"line":493,"column":4},"end":{"line":498,"column":5}},"333":{"start":{"line":494,"column":28},"end":{"line":494,"column":64}},"334":{"start":{"line":495,"column":32},"end":{"line":495,"column":81}},"335":{"start":{"line":496,"column":8},"end":{"line":496,"column":36}},"336":{"start":{"line":496,"column":24},"end":{"line":496,"column":36}},"337":{"start":{"line":497,"column":8},"end":{"line":497,"column":32}},"338":{"start":{"line":499,"column":4},"end":{"line":499,"column":20}},"339":{"start":{"line":502,"column":26},"end":{"line":512,"column":2}},"340":{"start":{"line":503,"column":22},"end":{"line":503,"column":42}},"341":{"start":{"line":504,"column":24},"end":{"line":504,"column":78}},"342":{"start":{"line":505,"column":4},"end":{"line":505,"column":70}},"343":{"start":{"line":505,"column":64},"end":{"line":505,"column":70}},"344":{"start":{"line":506,"column":4},"end":{"line":506,"column":64}},"345":{"start":{"line":506,"column":58},"end":{"line":506,"column":64}},"346":{"start":{"line":507,"column":15},"end":{"line":507,"column":62}},"347":{"start":{"line":508,"column":4},"end":{"line":508,"column":18}},"348":{"start":{"line":508,"column":12},"end":{"line":508,"column":18}},"349":{"start":{"line":509,"column":4},"end":{"line":509,"column":51}},"350":{"start":{"line":510,"column":4},"end":{"line":510,"column":62}},"351":{"start":{"line":511,"column":4},"end":{"line":511,"column":19}},"352":{"start":{"line":514,"column":20},"end":{"line":523,"column":2}},"353":{"start":{"line":515,"column":22},"end":{"line":515,"column":42}},"354":{"start":{"line":516,"column":4},"end":{"line":516,"column":96}},"355":{"start":{"line":516,"column":90},"end":{"line":516,"column":96}},"356":{"start":{"line":517,"column":4},"end":{"line":517,"column":58}},"357":{"start":{"line":517,"column":52},"end":{"line":517,"column":58}},"358":{"start":{"line":518,"column":15},"end":{"line":518,"column":56}},"359":{"start":{"line":519,"column":4},"end":{"line":519,"column":18}},"360":{"start":{"line":519,"column":12},"end":{"line":519,"column":18}},"361":{"start":{"line":520,"column":4},"end":{"line":520,"column":42}},"362":{"start":{"line":521,"column":4},"end":{"line":521,"column":53}},"363":{"start":{"line":522,"column":4},"end":{"line":522,"column":19}},"364":{"start":{"line":525,"column":20},"end":{"line":535,"column":2}},"365":{"start":{"line":526,"column":22},"end":{"line":526,"column":42}},"366":{"start":{"line":527,"column":22},"end":{"line":527,"column":75}},"367":{"start":{"line":528,"column":4},"end":{"line":528,"column":69}},"368":{"start":{"line":528,"column":63},"end":{"line":528,"column":69}},"369":{"start":{"line":529,"column":4},"end":{"line":529,"column":59}},"370":{"start":{"line":529,"column":53},"end":{"line":529,"column":59}},"371":{"start":{"line":530,"column":15},"end":{"line":530,"column":56}},"372":{"start":{"line":531,"column":4},"end":{"line":531,"column":18}},"373":{"start":{"line":531,"column":12},"end":{"line":531,"column":18}},"374":{"start":{"line":532,"column":4},"end":{"line":532,"column":54}},"375":{"start":{"line":533,"column":4},"end":{"line":533,"column":56}},"376":{"start":{"line":534,"column":4},"end":{"line":534,"column":19}},"377":{"start":{"line":537,"column":33},"end":{"line":545,"column":2}},"378":{"start":{"line":538,"column":22},"end":{"line":538,"column":42}},"379":{"start":{"line":539,"column":22},"end":{"line":539,"column":65}},"380":{"start":{"line":540,"column":4},"end":{"line":540,"column":69}},"381":{"start":{"line":540,"column":63},"end":{"line":540,"column":69}},"382":{"start":{"line":541,"column":4},"end":{"line":541,"column":56}},"383":{"start":{"line":542,"column":4},"end":{"line":542,"column":64}},"384":{"start":{"line":543,"column":4},"end":{"line":543,"column":46}},"385":{"start":{"line":544,"column":4},"end":{"line":544,"column":19}},"386":{"start":{"line":547,"column":27},"end":{"line":557,"column":2}},"387":{"start":{"line":548,"column":32},"end":{"line":548,"column":62}},"388":{"start":{"line":549,"column":26},"end":{"line":549,"column":50}},"389":{"start":{"line":550,"column":22},"end":{"line":550,"column":73}},"390":{"start":{"line":551,"column":33},"end":{"line":551,"column":78}},"391":{"start":{"line":552,"column":4},"end":{"line":552,"column":119}},"392":{"start":{"line":552,"column":113},"end":{"line":552,"column":119}},"393":{"start":{"line":553,"column":4},"end":{"line":553,"column":119}},"394":{"start":{"line":553,"column":113},"end":{"line":553,"column":119}},"395":{"start":{"line":554,"column":4},"end":{"line":554,"column":62}},"396":{"start":{"line":555,"column":4},"end":{"line":555,"column":44}},"397":{"start":{"line":556,"column":4},"end":{"line":556,"column":19}},"398":{"start":{"line":559,"column":29},"end":{"line":567,"column":2}},"399":{"start":{"line":560,"column":4},"end":{"line":560,"column":49}},"400":{"start":{"line":560,"column":43},"end":{"line":560,"column":49}},"401":{"start":{"line":561,"column":15},"end":{"line":561,"column":63}},"402":{"start":{"line":562,"column":4},"end":{"line":562,"column":18}},"403":{"start":{"line":562,"column":12},"end":{"line":562,"column":18}},"404":{"start":{"line":563,"column":17},"end":{"line":563,"column":59}},"405":{"start":{"line":564,"column":4},"end":{"line":564,"column":56}},"406":{"start":{"line":565,"column":4},"end":{"line":565,"column":21}},"407":{"start":{"line":566,"column":4},"end":{"line":566,"column":15}},"408":{"start":{"line":569,"column":39},"end":{"line":600,"column":2}},"409":{"start":{"line":570,"column":19},"end":{"line":570,"column":21}},"410":{"start":{"line":571,"column":27},"end":{"line":571,"column":29}},"411":{"start":{"line":572,"column":30},"end":{"line":577,"column":5}},"412":{"start":{"line":573,"column":8},"end":{"line":575,"column":9}},"413":{"start":{"line":574,"column":12},"end":{"line":574,"column":52}},"414":{"start":{"line":574,"column":41},"end":{"line":574,"column":52}},"415":{"start":{"line":576,"column":8},"end":{"line":576,"column":20}},"416":{"start":{"line":578,"column":22},"end":{"line":578,"column":64}},"417":{"start":{"line":579,"column":19},"end":{"line":579,"column":36}},"418":{"start":{"line":580,"column":4},"end":{"line":598,"column":5}},"419":{"start":{"line":581,"column":37},"end":{"line":581,"column":50}},"420":{"start":{"line":582,"column":8},"end":{"line":589,"column":9}},"421":{"start":{"line":583,"column":29},"end":{"line":583,"column":74}},"422":{"start":{"line":584,"column":12},"end":{"line":587,"column":13}},"423":{"start":{"line":585,"column":27},"end":{"line":585,"column":86}},"424":{"start":{"line":586,"column":16},"end":{"line":586,"column":61}},"425":{"start":{"line":586,"column":24},"end":{"line":586,"column":61}},"426":{"start":{"line":588,"column":12},"end":{"line":588,"column":40}},"427":{"start":{"line":590,"column":8},"end":{"line":597,"column":9}},"428":{"start":{"line":591,"column":29},"end":{"line":591,"column":77}},"429":{"start":{"line":592,"column":12},"end":{"line":595,"column":13}},"430":{"start":{"line":593,"column":27},"end":{"line":593,"column":89}},"431":{"start":{"line":594,"column":16},"end":{"line":594,"column":64}},"432":{"start":{"line":594,"column":24},"end":{"line":594,"column":64}},"433":{"start":{"line":596,"column":12},"end":{"line":596,"column":43}},"434":{"start":{"line":599,"column":4},"end":{"line":599,"column":17}},"435":{"start":{"line":602,"column":25},"end":{"line":626,"column":2}},"436":{"start":{"line":603,"column":22},"end":{"line":603,"column":26}},"437":{"start":{"line":604,"column":25},"end":{"line":604,"column":39}},"438":{"start":{"line":605,"column":19},"end":{"line":605,"column":21}},"439":{"start":{"line":606,"column":4},"end":{"line":609,"column":5}},"440":{"start":{"line":606,"column":16},"end":{"line":606,"column":17}},"441":{"start":{"line":607,"column":22},"end":{"line":607,"column":53}},"442":{"start":{"line":608,"column":8},"end":{"line":608,"column":32}},"443":{"start":{"line":610,"column":4},"end":{"line":610,"column":60}},"444":{"start":{"line":610,"column":48},"end":{"line":610,"column":59}},"445":{"start":{"line":611,"column":4},"end":{"line":611,"column":46}},"446":{"start":{"line":613,"column":21},"end":{"line":613,"column":23}},"447":{"start":{"line":614,"column":4},"end":{"line":617,"column":5}},"448":{"start":{"line":614,"column":16},"end":{"line":614,"column":17}},"449":{"start":{"line":615,"column":22},"end":{"line":615,"column":59}},"450":{"start":{"line":616,"column":8},"end":{"line":616,"column":34}},"451":{"start":{"line":618,"column":4},"end":{"line":618,"column":64}},"452":{"start":{"line":618,"column":52},"end":{"line":618,"column":63}},"453":{"start":{"line":619,"column":4},"end":{"line":619,"column":48}},"454":{"start":{"line":620,"column":4},"end":{"line":620,"column":15}},"455":{"start":{"line":622,"column":4},"end":{"line":624,"column":5}},"456":{"start":{"line":622,"column":16},"end":{"line":622,"column":17}},"457":{"start":{"line":623,"column":8},"end":{"line":623,"column":46}},"458":{"start":{"line":623,"column":38},"end":{"line":623,"column":46}},"459":{"start":{"line":625,"column":4},"end":{"line":625,"column":16}},"460":{"start":{"line":628,"column":24},"end":{"line":635,"column":2}},"461":{"start":{"line":629,"column":19},"end":{"line":629,"column":31}},"462":{"start":{"line":630,"column":15},"end":{"line":630,"column":34}},"463":{"start":{"line":631,"column":4},"end":{"line":631,"column":29}},"464":{"start":{"line":632,"column":4},"end":{"line":632,"column":39}},"465":{"start":{"line":633,"column":4},"end":{"line":633,"column":21}},"466":{"start":{"line":634,"column":4},"end":{"line":634,"column":13}},"467":{"start":{"line":637,"column":19},"end":{"line":665,"column":2}},"468":{"start":{"line":638,"column":22},"end":{"line":638,"column":53}},"469":{"start":{"line":639,"column":24},"end":{"line":645,"column":5}},"470":{"start":{"line":640,"column":8},"end":{"line":640,"column":59}},"471":{"start":{"line":640,"column":33},"end":{"line":640,"column":59}},"472":{"start":{"line":641,"column":8},"end":{"line":641,"column":59}},"473":{"start":{"line":641,"column":33},"end":{"line":641,"column":59}},"474":{"start":{"line":642,"column":8},"end":{"line":642,"column":57}},"475":{"start":{"line":642,"column":32},"end":{"line":642,"column":57}},"476":{"start":{"line":643,"column":8},"end":{"line":643,"column":57}},"477":{"start":{"line":643,"column":32},"end":{"line":643,"column":57}},"478":{"start":{"line":644,"column":8},"end":{"line":644,"column":59}},"479":{"start":{"line":644,"column":33},"end":{"line":644,"column":59}},"480":{"start":{"line":647,"column":4},"end":{"line":662,"column":6}},"481":{"start":{"line":648,"column":8},"end":{"line":661,"column":9}},"482":{"start":{"line":649,"column":12},"end":{"line":660,"column":14}},"483":{"start":{"line":650,"column":16},"end":{"line":654,"column":18}},"484":{"start":{"line":651,"column":20},"end":{"line":653,"column":21}},"485":{"start":{"line":652,"column":24},"end":{"line":652,"column":55}},"486":{"start":{"line":655,"column":16},"end":{"line":659,"column":18}},"487":{"start":{"line":656,"column":20},"end":{"line":658,"column":21}},"488":{"start":{"line":657,"column":24},"end":{"line":657,"column":55}},"489":{"start":{"line":664,"column":4},"end":{"line":664,"column":21}},"490":{"start":{"line":667,"column":26},"end":{"line":679,"column":2}},"491":{"start":{"line":668,"column":30},"end":{"line":668,"column":31}},"492":{"start":{"line":669,"column":25},"end":{"line":669,"column":58}},"493":{"start":{"line":670,"column":4},"end":{"line":676,"column":6}},"494":{"start":{"line":671,"column":8},"end":{"line":675,"column":9}},"495":{"start":{"line":672,"column":27},"end":{"line":672,"column":47}},"496":{"start":{"line":673,"column":12},"end":{"line":673,"column":36}},"497":{"start":{"line":674,"column":12},"end":{"line":674,"column":39}},"498":{"start":{"line":677,"column":4},"end":{"line":677,"column":63}},"499":{"start":{"line":678,"column":4},"end":{"line":678,"column":21}},"500":{"start":{"line":681,"column":48},"end":{"line":684,"column":2}},"501":{"start":{"line":682,"column":22},"end":{"line":682,"column":64}},"502":{"start":{"line":683,"column":4},"end":{"line":683,"column":39}},"503":{"start":{"line":686,"column":0},"end":{"line":689,"column":169}}},"fnMap":{"0":{"name":"(anonymous_0)","decl":{"start":{"line":4,"column":26},"end":{"line":4,"column":27}},"loc":{"start":{"line":4,"column":35},"end":{"line":4,"column":78}},"line":4},"1":{"name":"(anonymous_1)","decl":{"start":{"line":9,"column":26},"end":{"line":9,"column":27}},"loc":{"start":{"line":9,"column":31},"end":{"line":9,"column":50}},"line":9},"2":{"name":"(anonymous_2)","decl":{"start":{"line":10,"column":26},"end":{"line":10,"column":27}},"loc":{"start":{"line":10,"column":39},"end":{"line":10,"column":57}},"line":10},"3":{"name":"(anonymous_3)","decl":{"start":{"line":11,"column":37},"end":{"line":11,"column":38}},"loc":{"start":{"line":11,"column":45},"end":{"line":11,"column":58}},"line":11},"4":{"name":"(anonymous_4)","decl":{"start":{"line":12,"column":25},"end":{"line":12,"column":26}},"loc":{"start":{"line":12,"column":40},"end":{"line":16,"column":1}},"line":12},"5":{"name":"(anonymous_5)","decl":{"start":{"line":17,"column":39},"end":{"line":17,"column":40}},"loc":{"start":{"line":17,"column":57},"end":{"line":22,"column":1}},"line":17},"6":{"name":"(anonymous_6)","decl":{"start":{"line":78,"column":21},"end":{"line":78,"column":22}},"loc":{"start":{"line":78,"column":29},"end":{"line":82,"column":1}},"line":78},"7":{"name":"(anonymous_7)","decl":{"start":{"line":78,"column":29},"end":{"line":78,"column":30}},"loc":{"start":{"line":78,"column":45},"end":{"line":82,"column":1}},"line":78},"8":{"name":"(anonymous_8)","decl":{"start":{"line":85,"column":32},"end":{"line":85,"column":33}},"loc":{"start":{"line":85,"column":57},"end":{"line":89,"column":1}},"line":85},"9":{"name":"(anonymous_9)","decl":{"start":{"line":91,"column":30},"end":{"line":91,"column":31}},"loc":{"start":{"line":92,"column":4},"end":{"line":94,"column":6}},"line":92},"10":{"name":"(anonymous_10)","decl":{"start":{"line":92,"column":17},"end":{"line":92,"column":18}},"loc":{"start":{"line":92,"column":54},"end":{"line":94,"column":5}},"line":92},"11":{"name":"(anonymous_11)","decl":{"start":{"line":97,"column":40},"end":{"line":97,"column":41}},"loc":{"start":{"line":98,"column":4},"end":{"line":102,"column":30}},"line":98},"12":{"name":"(anonymous_12)","decl":{"start":{"line":100,"column":35},"end":{"line":100,"column":36}},"loc":{"start":{"line":100,"column":49},"end":{"line":100,"column":79}},"line":100},"13":{"name":"(anonymous_13)","decl":{"start":{"line":105,"column":46},"end":{"line":105,"column":47}},"loc":{"start":{"line":106,"column":0},"end":{"line":106,"column":84}},"line":106},"14":{"name":"(anonymous_14)","decl":{"start":{"line":106,"column":36},"end":{"line":106,"column":37}},"loc":{"start":{"line":106,"column":50},"end":{"line":106,"column":81}},"line":106},"15":{"name":"(anonymous_15)","decl":{"start":{"line":108,"column":50},"end":{"line":108,"column":51}},"loc":{"start":{"line":108,"column":66},"end":{"line":116,"column":1}},"line":108},"16":{"name":"(anonymous_16)","decl":{"start":{"line":118,"column":52},"end":{"line":118,"column":53}},"loc":{"start":{"line":118,"column":63},"end":{"line":214,"column":1}},"line":118},"17":{"name":"(anonymous_17)","decl":{"start":{"line":120,"column":45},"end":{"line":120,"column":46}},"loc":{"start":{"line":120,"column":61},"end":{"line":208,"column":5}},"line":120},"18":{"name":"(anonymous_18)","decl":{"start":{"line":121,"column":30},"end":{"line":121,"column":31}},"loc":{"start":{"line":121,"column":45},"end":{"line":127,"column":9}},"line":121},"19":{"name":"(anonymous_19)","decl":{"start":{"line":129,"column":48},"end":{"line":129,"column":49}},"loc":{"start":{"line":129,"column":56},"end":{"line":135,"column":9}},"line":129},"20":{"name":"(anonymous_20)","decl":{"start":{"line":131,"column":33},"end":{"line":131,"column":34}},"loc":{"start":{"line":131,"column":36},"end":{"line":133,"column":13}},"line":131},"21":{"name":"(anonymous_21)","decl":{"start":{"line":139,"column":34},"end":{"line":139,"column":35}},"loc":{"start":{"line":139,"column":49},"end":{"line":147,"column":9}},"line":139},"22":{"name":"(anonymous_22)","decl":{"start":{"line":149,"column":43},"end":{"line":149,"column":44}},"loc":{"start":{"line":149,"column":60},"end":{"line":164,"column":9}},"line":149},"23":{"name":"(anonymous_23)","decl":{"start":{"line":152,"column":84},"end":{"line":152,"column":85}},"loc":{"start":{"line":152,"column":87},"end":{"line":152,"column":214}},"line":152},"24":{"name":"(anonymous_24)","decl":{"start":{"line":166,"column":50},"end":{"line":166,"column":51}},"loc":{"start":{"line":166,"column":67},"end":{"line":181,"column":9}},"line":166},"25":{"name":"(anonymous_25)","decl":{"start":{"line":169,"column":84},"end":{"line":169,"column":85}},"loc":{"start":{"line":169,"column":87},"end":{"line":169,"column":214}},"line":169},"26":{"name":"(anonymous_26)","decl":{"start":{"line":212,"column":35},"end":{"line":212,"column":36}},"loc":{"start":{"line":212,"column":47},"end":{"line":212,"column":53}},"line":212},"27":{"name":"(anonymous_27)","decl":{"start":{"line":216,"column":29},"end":{"line":216,"column":30}},"loc":{"start":{"line":216,"column":54},"end":{"line":223,"column":1}},"line":216},"28":{"name":"(anonymous_28)","decl":{"start":{"line":225,"column":53},"end":{"line":225,"column":54}},"loc":{"start":{"line":225,"column":89},"end":{"line":228,"column":1}},"line":225},"29":{"name":"(anonymous_29)","decl":{"start":{"line":230,"column":57},"end":{"line":230,"column":58}},"loc":{"start":{"line":230,"column":83},"end":{"line":235,"column":1}},"line":230},"30":{"name":"(anonymous_30)","decl":{"start":{"line":237,"column":51},"end":{"line":237,"column":52}},"loc":{"start":{"line":237,"column":77},"end":{"line":242,"column":1}},"line":237},"31":{"name":"(anonymous_31)","decl":{"start":{"line":244,"column":54},"end":{"line":244,"column":55}},"loc":{"start":{"line":244,"column":84},"end":{"line":248,"column":1}},"line":244},"32":{"name":"(anonymous_32)","decl":{"start":{"line":250,"column":61},"end":{"line":250,"column":62}},"loc":{"start":{"line":250,"column":91},"end":{"line":253,"column":1}},"line":250},"33":{"name":"(anonymous_33)","decl":{"start":{"line":255,"column":48},"end":{"line":255,"column":49}},"loc":{"start":{"line":255,"column":78},"end":{"line":260,"column":1}},"line":255},"34":{"name":"(anonymous_34)","decl":{"start":{"line":256,"column":51},"end":{"line":256,"column":52}},"loc":{"start":{"line":256,"column":56},"end":{"line":256,"column":70}},"line":256},"35":{"name":"(anonymous_35)","decl":{"start":{"line":262,"column":48},"end":{"line":262,"column":49}},"loc":{"start":{"line":262,"column":78},"end":{"line":266,"column":1}},"line":262},"36":{"name":"(anonymous_36)","decl":{"start":{"line":268,"column":55},"end":{"line":268,"column":56}},"loc":{"start":{"line":268,"column":85},"end":{"line":271,"column":1}},"line":268},"37":{"name":"(anonymous_37)","decl":{"start":{"line":273,"column":55},"end":{"line":273,"column":56}},"loc":{"start":{"line":273,"column":71},"end":{"line":275,"column":1}},"line":273},"38":{"name":"(anonymous_38)","decl":{"start":{"line":277,"column":49},"end":{"line":277,"column":50}},"loc":{"start":{"line":277,"column":66},"end":{"line":277,"column":115}},"line":277},"39":{"name":"(anonymous_39)","decl":{"start":{"line":279,"column":58},"end":{"line":279,"column":59}},"loc":{"start":{"line":279,"column":75},"end":{"line":279,"column":136}},"line":279},"40":{"name":"(anonymous_40)","decl":{"start":{"line":281,"column":49},"end":{"line":281,"column":50}},"loc":{"start":{"line":281,"column":66},"end":{"line":281,"column":105}},"line":281},"41":{"name":"(anonymous_41)","decl":{"start":{"line":285,"column":22},"end":{"line":285,"column":23}},"loc":{"start":{"line":285,"column":26},"end":{"line":341,"column":1}},"line":285},"42":{"name":"(anonymous_42)","decl":{"start":{"line":306,"column":17},"end":{"line":306,"column":18}},"loc":{"start":{"line":306,"column":22},"end":{"line":306,"column":85}},"line":306},"43":{"name":"(anonymous_43)","decl":{"start":{"line":308,"column":16},"end":{"line":308,"column":17}},"loc":{"start":{"line":308,"column":21},"end":{"line":308,"column":49}},"line":308},"44":{"name":"(anonymous_44)","decl":{"start":{"line":310,"column":21},"end":{"line":310,"column":22}},"loc":{"start":{"line":310,"column":25},"end":{"line":314,"column":5}},"line":310},"45":{"name":"(anonymous_45)","decl":{"start":{"line":328,"column":24},"end":{"line":328,"column":25}},"loc":{"start":{"line":328,"column":36},"end":{"line":337,"column":5}},"line":328},"46":{"name":"(anonymous_46)","decl":{"start":{"line":331,"column":20},"end":{"line":331,"column":21}},"loc":{"start":{"line":331,"column":33},"end":{"line":336,"column":9}},"line":331},"47":{"name":"(anonymous_47)","decl":{"start":{"line":343,"column":28},"end":{"line":343,"column":29}},"loc":{"start":{"line":344,"column":4},"end":{"line":346,"column":6}},"line":344},"48":{"name":"(anonymous_48)","decl":{"start":{"line":344,"column":17},"end":{"line":344,"column":18}},"loc":{"start":{"line":344,"column":45},"end":{"line":346,"column":5}},"line":344},"49":{"name":"(anonymous_49)","decl":{"start":{"line":348,"column":48},"end":{"line":348,"column":49}},"loc":{"start":{"line":348,"column":62},"end":{"line":361,"column":1}},"line":348},"50":{"name":"(anonymous_50)","decl":{"start":{"line":363,"column":66},"end":{"line":363,"column":67}},"loc":{"start":{"line":363,"column":85},"end":{"line":369,"column":1}},"line":363},"51":{"name":"(anonymous_51)","decl":{"start":{"line":365,"column":28},"end":{"line":365,"column":29}},"loc":{"start":{"line":365,"column":38},"end":{"line":367,"column":5}},"line":365},"52":{"name":"(anonymous_52)","decl":{"start":{"line":366,"column":37},"end":{"line":366,"column":38}},"loc":{"start":{"line":366,"column":40},"end":{"line":366,"column":69}},"line":366},"53":{"name":"(anonymous_53)","decl":{"start":{"line":371,"column":49},"end":{"line":371,"column":50}},"loc":{"start":{"line":371,"column":79},"end":{"line":381,"column":1}},"line":371},"54":{"name":"(anonymous_54)","decl":{"start":{"line":380,"column":25},"end":{"line":380,"column":26}},"loc":{"start":{"line":380,"column":34},"end":{"line":380,"column":63}},"line":380},"55":{"name":"(anonymous_55)","decl":{"start":{"line":383,"column":50},"end":{"line":383,"column":51}},"loc":{"start":{"line":383,"column":78},"end":{"line":393,"column":1}},"line":383},"56":{"name":"(anonymous_56)","decl":{"start":{"line":388,"column":19},"end":{"line":388,"column":20}},"loc":{"start":{"line":388,"column":28},"end":{"line":390,"column":5}},"line":388},"57":{"name":"(anonymous_57)","decl":{"start":{"line":395,"column":44},"end":{"line":395,"column":45}},"loc":{"start":{"line":395,"column":72},"end":{"line":399,"column":1}},"line":395},"58":{"name":"(anonymous_58)","decl":{"start":{"line":396,"column":45},"end":{"line":396,"column":46}},"loc":{"start":{"line":396,"column":48},"end":{"line":396,"column":77}},"line":396},"59":{"name":"(anonymous_59)","decl":{"start":{"line":401,"column":44},"end":{"line":401,"column":45}},"loc":{"start":{"line":401,"column":72},"end":{"line":405,"column":1}},"line":401},"60":{"name":"(anonymous_60)","decl":{"start":{"line":407,"column":52},"end":{"line":407,"column":53}},"loc":{"start":{"line":407,"column":79},"end":{"line":429,"column":1}},"line":407},"61":{"name":"(anonymous_61)","decl":{"start":{"line":408,"column":20},"end":{"line":408,"column":21}},"loc":{"start":{"line":408,"column":30},"end":{"line":408,"column":105}},"line":408},"62":{"name":"(anonymous_62)","decl":{"start":{"line":411,"column":36},"end":{"line":411,"column":37}},"loc":{"start":{"line":411,"column":42},"end":{"line":411,"column":59}},"line":411},"63":{"name":"(anonymous_63)","decl":{"start":{"line":412,"column":17},"end":{"line":412,"column":18}},"loc":{"start":{"line":412,"column":36},"end":{"line":412,"column":41}},"line":412},"64":{"name":"(anonymous_64)","decl":{"start":{"line":428,"column":22},"end":{"line":428,"column":23}},"loc":{"start":{"line":428,"column":27},"end":{"line":428,"column":35}},"line":428},"65":{"name":"(anonymous_65)","decl":{"start":{"line":430,"column":48},"end":{"line":430,"column":49}},"loc":{"start":{"line":430,"column":69},"end":{"line":435,"column":1}},"line":430},"66":{"name":"(anonymous_66)","decl":{"start":{"line":436,"column":61},"end":{"line":436,"column":62}},"loc":{"start":{"line":436,"column":89},"end":{"line":443,"column":1}},"line":436},"67":{"name":"(anonymous_67)","decl":{"start":{"line":444,"column":49},"end":{"line":444,"column":50}},"loc":{"start":{"line":444,"column":77},"end":{"line":454,"column":1}},"line":444},"68":{"name":"(anonymous_68)","decl":{"start":{"line":445,"column":24},"end":{"line":445,"column":25}},"loc":{"start":{"line":445,"column":33},"end":{"line":449,"column":5}},"line":445},"69":{"name":"(anonymous_69)","decl":{"start":{"line":456,"column":59},"end":{"line":456,"column":60}},"loc":{"start":{"line":456,"column":73},"end":{"line":465,"column":1}},"line":456},"70":{"name":"(anonymous_70)","decl":{"start":{"line":467,"column":43},"end":{"line":467,"column":44}},"loc":{"start":{"line":467,"column":68},"end":{"line":469,"column":1}},"line":467},"71":{"name":"(anonymous_71)","decl":{"start":{"line":472,"column":34},"end":{"line":472,"column":35}},"loc":{"start":{"line":472,"column":52},"end":{"line":484,"column":1}},"line":472},"72":{"name":"(anonymous_72)","decl":{"start":{"line":486,"column":55},"end":{"line":486,"column":56}},"loc":{"start":{"line":486,"column":78},"end":{"line":500,"column":1}},"line":486},"73":{"name":"(anonymous_73)","decl":{"start":{"line":488,"column":41},"end":{"line":488,"column":42}},"loc":{"start":{"line":488,"column":49},"end":{"line":492,"column":5}},"line":488},"74":{"name":"(anonymous_74)","decl":{"start":{"line":502,"column":39},"end":{"line":502,"column":40}},"loc":{"start":{"line":502,"column":73},"end":{"line":512,"column":1}},"line":502},"75":{"name":"(anonymous_75)","decl":{"start":{"line":514,"column":33},"end":{"line":514,"column":34}},"loc":{"start":{"line":514,"column":67},"end":{"line":523,"column":1}},"line":514},"76":{"name":"(anonymous_76)","decl":{"start":{"line":525,"column":33},"end":{"line":525,"column":34}},"loc":{"start":{"line":525,"column":67},"end":{"line":535,"column":1}},"line":525},"77":{"name":"(anonymous_77)","decl":{"start":{"line":537,"column":46},"end":{"line":537,"column":47}},"loc":{"start":{"line":537,"column":78},"end":{"line":545,"column":1}},"line":537},"78":{"name":"(anonymous_78)","decl":{"start":{"line":547,"column":40},"end":{"line":547,"column":41}},"loc":{"start":{"line":547,"column":95},"end":{"line":557,"column":1}},"line":547},"79":{"name":"(anonymous_79)","decl":{"start":{"line":559,"column":42},"end":{"line":559,"column":43}},"loc":{"start":{"line":559,"column":65},"end":{"line":567,"column":1}},"line":559},"80":{"name":"(anonymous_80)","decl":{"start":{"line":569,"column":52},"end":{"line":569,"column":53}},"loc":{"start":{"line":569,"column":77},"end":{"line":600,"column":1}},"line":569},"81":{"name":"(anonymous_81)","decl":{"start":{"line":572,"column":30},"end":{"line":572,"column":31}},"loc":{"start":{"line":572,"column":38},"end":{"line":577,"column":5}},"line":572},"82":{"name":"(anonymous_82)","decl":{"start":{"line":602,"column":38},"end":{"line":602,"column":39}},"loc":{"start":{"line":602,"column":52},"end":{"line":626,"column":1}},"line":602},"83":{"name":"(anonymous_83)","decl":{"start":{"line":610,"column":29},"end":{"line":610,"column":30}},"loc":{"start":{"line":610,"column":48},"end":{"line":610,"column":59}},"line":610},"84":{"name":"(anonymous_84)","decl":{"start":{"line":618,"column":33},"end":{"line":618,"column":34}},"loc":{"start":{"line":618,"column":52},"end":{"line":618,"column":63}},"line":618},"85":{"name":"(anonymous_85)","decl":{"start":{"line":628,"column":37},"end":{"line":628,"column":38}},"loc":{"start":{"line":628,"column":60},"end":{"line":635,"column":1}},"line":628},"86":{"name":"(anonymous_86)","decl":{"start":{"line":637,"column":32},"end":{"line":637,"column":33}},"loc":{"start":{"line":637,"column":51},"end":{"line":665,"column":1}},"line":637},"87":{"name":"(anonymous_87)","decl":{"start":{"line":639,"column":24},"end":{"line":639,"column":25}},"loc":{"start":{"line":639,"column":50},"end":{"line":645,"column":5}},"line":639},"88":{"name":"(anonymous_88)","decl":{"start":{"line":647,"column":22},"end":{"line":647,"column":23}},"loc":{"start":{"line":647,"column":41},"end":{"line":662,"column":5}},"line":647},"89":{"name":"(anonymous_89)","decl":{"start":{"line":649,"column":33},"end":{"line":649,"column":34}},"loc":{"start":{"line":649,"column":43},"end":{"line":660,"column":13}},"line":649},"90":{"name":"(anonymous_90)","decl":{"start":{"line":650,"column":38},"end":{"line":650,"column":39}},"loc":{"start":{"line":650,"column":48},"end":{"line":654,"column":17}},"line":650},"91":{"name":"(anonymous_91)","decl":{"start":{"line":655,"column":43},"end":{"line":655,"column":44}},"loc":{"start":{"line":655,"column":53},"end":{"line":659,"column":17}},"line":655},"92":{"name":"(anonymous_92)","decl":{"start":{"line":667,"column":39},"end":{"line":667,"column":40}},"loc":{"start":{"line":667,"column":71},"end":{"line":679,"column":1}},"line":667},"93":{"name":"(anonymous_93)","decl":{"start":{"line":670,"column":25},"end":{"line":670,"column":26}},"loc":{"start":{"line":670,"column":41},"end":{"line":676,"column":5}},"line":670},"94":{"name":"(anonymous_94)","decl":{"start":{"line":681,"column":61},"end":{"line":681,"column":62}},"loc":{"start":{"line":681,"column":84},"end":{"line":684,"column":1}},"line":681}},"branchMap":{"0":{"loc":{"start":{"line":15,"column":11},"end":{"line":15,"column":85}},"type":"binary-expr","locations":[{"start":{"line":15,"column":11},"end":{"line":15,"column":33}},{"start":{"line":15,"column":37},"end":{"line":15,"column":59}},{"start":{"line":15,"column":63},"end":{"line":15,"column":85}}],"line":15},"1":{"loc":{"start":{"line":19,"column":8},"end":{"line":19,"column":52}},"type":"if","locations":[{"start":{"line":19,"column":8},"end":{"line":19,"column":52}},{"start":{"line":19,"column":8},"end":{"line":19,"column":52}}],"line":19},"2":{"loc":{"start":{"line":80,"column":15},"end":{"line":80,"column":49}},"type":"cond-expr","locations":[{"start":{"line":80,"column":38},"end":{"line":80,"column":42}},{"start":{"line":80,"column":43},"end":{"line":80,"column":49}}],"line":80},"3":{"loc":{"start":{"line":100,"column":49},"end":{"line":100,"column":79}},"type":"cond-expr","locations":[{"start":{"line":100,"column":66},"end":{"line":100,"column":73}},{"start":{"line":100,"column":74},"end":{"line":100,"column":79}}],"line":100},"4":{"loc":{"start":{"line":101,"column":5},"end":{"line":101,"column":29}},"type":"cond-expr","locations":[{"start":{"line":101,"column":26},"end":{"line":101,"column":27}},{"start":{"line":101,"column":28},"end":{"line":101,"column":29}}],"line":101},"5":{"loc":{"start":{"line":102,"column":5},"end":{"line":102,"column":29}},"type":"cond-expr","locations":[{"start":{"line":102,"column":26},"end":{"line":102,"column":27}},{"start":{"line":102,"column":28},"end":{"line":102,"column":29}}],"line":102},"6":{"loc":{"start":{"line":106,"column":50},"end":{"line":106,"column":81}},"type":"cond-expr","locations":[{"start":{"line":106,"column":68},"end":{"line":106,"column":75}},{"start":{"line":106,"column":76},"end":{"line":106,"column":81}}],"line":106},"7":{"loc":{"start":{"line":111,"column":4},"end":{"line":111,"column":80}},"type":"if","locations":[{"start":{"line":111,"column":4},"end":{"line":111,"column":80}},{"start":{"line":111,"column":4},"end":{"line":111,"column":80}}],"line":111},"8":{"loc":{"start":{"line":111,"column":7},"end":{"line":111,"column":47}},"type":"binary-expr","locations":[{"start":{"line":111,"column":7},"end":{"line":111,"column":18}},{"start":{"line":111,"column":22},"end":{"line":111,"column":33}},{"start":{"line":111,"column":37},"end":{"line":111,"column":47}}],"line":111},"9":{"loc":{"start":{"line":112,"column":4},"end":{"line":112,"column":89}},"type":"if","locations":[{"start":{"line":112,"column":4},"end":{"line":112,"column":89}},{"start":{"line":112,"column":4},"end":{"line":112,"column":89}}],"line":112},"10":{"loc":{"start":{"line":112,"column":7},"end":{"line":112,"column":62}},"type":"binary-expr","locations":[{"start":{"line":112,"column":7},"end":{"line":112,"column":18}},{"start":{"line":112,"column":22},"end":{"line":112,"column":33}},{"start":{"line":112,"column":37},"end":{"line":112,"column":48}},{"start":{"line":112,"column":52},"end":{"line":112,"column":62}}],"line":112},"11":{"loc":{"start":{"line":113,"column":4},"end":{"line":113,"column":53}},"type":"if","locations":[{"start":{"line":113,"column":4},"end":{"line":113,"column":53}},{"start":{"line":113,"column":4},"end":{"line":113,"column":53}}],"line":113},"12":{"loc":{"start":{"line":113,"column":7},"end":{"line":113,"column":32}},"type":"binary-expr","locations":[{"start":{"line":113,"column":7},"end":{"line":113,"column":18}},{"start":{"line":113,"column":22},"end":{"line":113,"column":32}}],"line":113},"13":{"loc":{"start":{"line":114,"column":4},"end":{"line":114,"column":63}},"type":"if","locations":[{"start":{"line":114,"column":4},"end":{"line":114,"column":63}},{"start":{"line":114,"column":4},"end":{"line":114,"column":63}}],"line":114},"14":{"loc":{"start":{"line":114,"column":7},"end":{"line":114,"column":42}},"type":"binary-expr","locations":[{"start":{"line":114,"column":7},"end":{"line":114,"column":23}},{"start":{"line":114,"column":27},"end":{"line":114,"column":42}}],"line":114},"15":{"loc":{"start":{"line":124,"column":19},"end":{"line":126,"column":219}},"type":"binary-expr","locations":[{"start":{"line":124,"column":20},"end":{"line":124,"column":67}},{"start":{"line":124,"column":71},"end":{"line":124,"column":118}},{"start":{"line":124,"column":122},"end":{"line":124,"column":172}},{"start":{"line":124,"column":176},"end":{"line":124,"column":220}},{"start":{"line":126,"column":12},"end":{"line":126,"column":219}}],"line":124},"16":{"loc":{"start":{"line":126,"column":14},"end":{"line":126,"column":218}},"type":"binary-expr","locations":[{"start":{"line":126,"column":15},"end":{"line":126,"column":59}},{"start":{"line":126,"column":63},"end":{"line":126,"column":113}},{"start":{"line":126,"column":119},"end":{"line":126,"column":166}},{"start":{"line":126,"column":170},"end":{"line":126,"column":217}}],"line":126},"17":{"loc":{"start":{"line":132,"column":16},"end":{"line":132,"column":59}},"type":"if","locations":[{"start":{"line":132,"column":16},"end":{"line":132,"column":59}},{"start":{"line":132,"column":16},"end":{"line":132,"column":59}}],"line":132},"18":{"loc":{"start":{"line":143,"column":16},"end":{"line":143,"column":95}},"type":"if","locations":[{"start":{"line":143,"column":16},"end":{"line":143,"column":95}},{"start":{"line":143,"column":16},"end":{"line":143,"column":95}}],"line":143},"19":{"loc":{"start":{"line":143,"column":19},"end":{"line":143,"column":86}},"type":"binary-expr","locations":[{"start":{"line":143,"column":19},"end":{"line":143,"column":49}},{"start":{"line":143,"column":53},"end":{"line":143,"column":86}}],"line":143},"20":{"loc":{"start":{"line":144,"column":16},"end":{"line":144,"column":41}},"type":"if","locations":[{"start":{"line":144,"column":16},"end":{"line":144,"column":41}},{"start":{"line":144,"column":16},"end":{"line":144,"column":41}}],"line":144},"21":{"loc":{"start":{"line":152,"column":87},"end":{"line":152,"column":214}},"type":"binary-expr","locations":[{"start":{"line":152,"column":87},"end":{"line":152,"column":113}},{"start":{"line":152,"column":115},"end":{"line":152,"column":162}},{"start":{"line":152,"column":164},"end":{"line":152,"column":214}}],"line":152},"22":{"loc":{"start":{"line":153,"column":12},"end":{"line":163,"column":13}},"type":"if","locations":[{"start":{"line":153,"column":12},"end":{"line":163,"column":13}},{"start":{"line":153,"column":12},"end":{"line":163,"column":13}}],"line":153},"23":{"loc":{"start":{"line":154,"column":16},"end":{"line":160,"column":17}},"type":"if","locations":[{"start":{"line":154,"column":16},"end":{"line":160,"column":17}},{"start":{"line":154,"column":16},"end":{"line":160,"column":17}}],"line":154},"24":{"loc":{"start":{"line":169,"column":87},"end":{"line":169,"column":214}},"type":"binary-expr","locations":[{"start":{"line":169,"column":87},"end":{"line":169,"column":113}},{"start":{"line":169,"column":115},"end":{"line":169,"column":162}},{"start":{"line":169,"column":164},"end":{"line":169,"column":214}}],"line":169},"25":{"loc":{"start":{"line":170,"column":12},"end":{"line":180,"column":13}},"type":"if","locations":[{"start":{"line":170,"column":12},"end":{"line":180,"column":13}},{"start":{"line":170,"column":12},"end":{"line":180,"column":13}}],"line":170},"26":{"loc":{"start":{"line":171,"column":16},"end":{"line":177,"column":17}},"type":"if","locations":[{"start":{"line":171,"column":16},"end":{"line":177,"column":17}},{"start":{"line":171,"column":16},"end":{"line":177,"column":17}}],"line":171},"27":{"loc":{"start":{"line":183,"column":8},"end":{"line":206,"column":9}},"type":"if","locations":[{"start":{"line":183,"column":8},"end":{"line":206,"column":9}},{"start":{"line":183,"column":8},"end":{"line":206,"column":9}}],"line":183},"28":{"loc":{"start":{"line":185,"column":12},"end":{"line":205,"column":13}},"type":"if","locations":[{"start":{"line":185,"column":12},"end":{"line":205,"column":13}},{"start":{"line":185,"column":12},"end":{"line":205,"column":13}}],"line":185},"29":{"loc":{"start":{"line":193,"column":16},"end":{"line":203,"column":17}},"type":"if","locations":[{"start":{"line":193,"column":16},"end":{"line":203,"column":17}},{"start":{"line":193,"column":16},"end":{"line":203,"column":17}}],"line":193},"30":{"loc":{"start":{"line":193,"column":19},"end":{"line":193,"column":120}},"type":"binary-expr","locations":[{"start":{"line":193,"column":19},"end":{"line":193,"column":66}},{"start":{"line":193,"column":70},"end":{"line":193,"column":120}}],"line":193},"31":{"loc":{"start":{"line":218,"column":26},"end":{"line":218,"column":36}},"type":"binary-expr","locations":[{"start":{"line":218,"column":26},"end":{"line":218,"column":31}},{"start":{"line":218,"column":35},"end":{"line":218,"column":36}}],"line":218},"32":{"loc":{"start":{"line":219,"column":25},"end":{"line":219,"column":34}},"type":"binary-expr","locations":[{"start":{"line":219,"column":25},"end":{"line":219,"column":29}},{"start":{"line":219,"column":33},"end":{"line":219,"column":34}}],"line":219},"33":{"loc":{"start":{"line":220,"column":26},"end":{"line":220,"column":36}},"type":"binary-expr","locations":[{"start":{"line":220,"column":26},"end":{"line":220,"column":31}},{"start":{"line":220,"column":35},"end":{"line":220,"column":36}}],"line":220},"34":{"loc":{"start":{"line":221,"column":25},"end":{"line":221,"column":34}},"type":"binary-expr","locations":[{"start":{"line":221,"column":25},"end":{"line":221,"column":29}},{"start":{"line":221,"column":33},"end":{"line":221,"column":34}}],"line":221},"35":{"loc":{"start":{"line":222,"column":26},"end":{"line":222,"column":36}},"type":"binary-expr","locations":[{"start":{"line":222,"column":26},"end":{"line":222,"column":31}},{"start":{"line":222,"column":35},"end":{"line":222,"column":36}}],"line":222},"36":{"loc":{"start":{"line":238,"column":4},"end":{"line":238,"column":63}},"type":"if","locations":[{"start":{"line":238,"column":4},"end":{"line":238,"column":63}},{"start":{"line":238,"column":4},"end":{"line":238,"column":63}}],"line":238},"37":{"loc":{"start":{"line":274,"column":12},"end":{"line":274,"column":95}},"type":"binary-expr","locations":[{"start":{"line":274,"column":12},"end":{"line":274,"column":30}},{"start":{"line":274,"column":34},"end":{"line":274,"column":51}},{"start":{"line":274,"column":55},"end":{"line":274,"column":73}},{"start":{"line":274,"column":77},"end":{"line":274,"column":95}}],"line":274},"38":{"loc":{"start":{"line":277,"column":66},"end":{"line":277,"column":115}},"type":"binary-expr","locations":[{"start":{"line":277,"column":66},"end":{"line":277,"column":89}},{"start":{"line":277,"column":93},"end":{"line":277,"column":115}}],"line":277},"39":{"loc":{"start":{"line":279,"column":75},"end":{"line":279,"column":136}},"type":"binary-expr","locations":[{"start":{"line":279,"column":75},"end":{"line":279,"column":93}},{"start":{"line":279,"column":97},"end":{"line":279,"column":115}},{"start":{"line":279,"column":119},"end":{"line":279,"column":136}}],"line":279},"40":{"loc":{"start":{"line":281,"column":66},"end":{"line":281,"column":105}},"type":"binary-expr","locations":[{"start":{"line":281,"column":66},"end":{"line":281,"column":84}},{"start":{"line":281,"column":88},"end":{"line":281,"column":105}}],"line":281},"41":{"loc":{"start":{"line":312,"column":19},"end":{"line":312,"column":128}},"type":"cond-expr","locations":[{"start":{"line":312,"column":37},"end":{"line":312,"column":68}},{"start":{"line":312,"column":69},"end":{"line":312,"column":128}}],"line":312},"42":{"loc":{"start":{"line":333,"column":12},"end":{"line":333,"column":58}},"type":"if","locations":[{"start":{"line":333,"column":12},"end":{"line":333,"column":58}},{"start":{"line":333,"column":12},"end":{"line":333,"column":58}}],"line":333},"43":{"loc":{"start":{"line":352,"column":12},"end":{"line":355,"column":13}},"type":"if","locations":[{"start":{"line":352,"column":12},"end":{"line":355,"column":13}},{"start":{"line":352,"column":12},"end":{"line":355,"column":13}}],"line":352},"44":{"loc":{"start":{"line":353,"column":16},"end":{"line":353,"column":76}},"type":"if","locations":[{"start":{"line":353,"column":16},"end":{"line":353,"column":76}},{"start":{"line":353,"column":16},"end":{"line":353,"column":76}}],"line":353},"45":{"loc":{"start":{"line":356,"column":12},"end":{"line":356,"column":80}},"type":"if","locations":[{"start":{"line":356,"column":12},"end":{"line":356,"column":80}},{"start":{"line":356,"column":12},"end":{"line":356,"column":80}}],"line":356},"46":{"loc":{"start":{"line":357,"column":12},"end":{"line":357,"column":80}},"type":"if","locations":[{"start":{"line":357,"column":12},"end":{"line":357,"column":80}},{"start":{"line":357,"column":12},"end":{"line":357,"column":80}}],"line":357},"47":{"loc":{"start":{"line":375,"column":12},"end":{"line":377,"column":13}},"type":"if","locations":[{"start":{"line":375,"column":12},"end":{"line":377,"column":13}},{"start":{"line":375,"column":12},"end":{"line":377,"column":13}}],"line":375},"48":{"loc":{"start":{"line":389,"column":8},"end":{"line":389,"column":98}},"type":"if","locations":[{"start":{"line":389,"column":8},"end":{"line":389,"column":98}},{"start":{"line":389,"column":8},"end":{"line":389,"column":98}}],"line":389},"49":{"loc":{"start":{"line":408,"column":30},"end":{"line":408,"column":105}},"type":"binary-expr","locations":[{"start":{"line":408,"column":30},"end":{"line":408,"column":56}},{"start":{"line":408,"column":60},"end":{"line":408,"column":64}},{"start":{"line":408,"column":68},"end":{"line":408,"column":72}},{"start":{"line":408,"column":76},"end":{"line":408,"column":105}}],"line":408},"50":{"loc":{"start":{"line":410,"column":23},"end":{"line":410,"column":105}},"type":"cond-expr","locations":[{"start":{"line":410,"column":46},"end":{"line":410,"column":57}},{"start":{"line":410,"column":61},"end":{"line":410,"column":104}}],"line":410},"51":{"loc":{"start":{"line":410,"column":61},"end":{"line":410,"column":104}},"type":"cond-expr","locations":[{"start":{"line":410,"column":81},"end":{"line":410,"column":92}},{"start":{"line":410,"column":93},"end":{"line":410,"column":104}}],"line":410},"52":{"loc":{"start":{"line":418,"column":4},"end":{"line":418,"column":91}},"type":"if","locations":[{"start":{"line":418,"column":4},"end":{"line":418,"column":91}},{"start":{"line":418,"column":4},"end":{"line":418,"column":91}}],"line":418},"53":{"loc":{"start":{"line":419,"column":4},"end":{"line":419,"column":93}},"type":"if","locations":[{"start":{"line":419,"column":4},"end":{"line":419,"column":93}},{"start":{"line":419,"column":4},"end":{"line":419,"column":93}}],"line":419},"54":{"loc":{"start":{"line":422,"column":4},"end":{"line":426,"column":5}},"type":"if","locations":[{"start":{"line":422,"column":4},"end":{"line":426,"column":5}},{"start":{"line":422,"column":4},"end":{"line":426,"column":5}}],"line":422},"55":{"loc":{"start":{"line":422,"column":7},"end":{"line":422,"column":89}},"type":"binary-expr","locations":[{"start":{"line":422,"column":7},"end":{"line":422,"column":32}},{"start":{"line":422,"column":36},"end":{"line":422,"column":89}}],"line":422},"56":{"loc":{"start":{"line":424,"column":73},"end":{"line":424,"column":101}},"type":"cond-expr","locations":[{"start":{"line":424,"column":98},"end":{"line":424,"column":99}},{"start":{"line":424,"column":100},"end":{"line":424,"column":101}}],"line":424},"57":{"loc":{"start":{"line":425,"column":8},"end":{"line":425,"column":82}},"type":"if","locations":[{"start":{"line":425,"column":8},"end":{"line":425,"column":82}},{"start":{"line":425,"column":8},"end":{"line":425,"column":82}}],"line":425},"58":{"loc":{"start":{"line":432,"column":8},"end":{"line":432,"column":52}},"type":"if","locations":[{"start":{"line":432,"column":8},"end":{"line":432,"column":52}},{"start":{"line":432,"column":8},"end":{"line":432,"column":52}}],"line":432},"59":{"loc":{"start":{"line":440,"column":8},"end":{"line":440,"column":27}},"type":"if","locations":[{"start":{"line":440,"column":8},"end":{"line":440,"column":27}},{"start":{"line":440,"column":8},"end":{"line":440,"column":27}}],"line":440},"60":{"loc":{"start":{"line":448,"column":15},"end":{"line":448,"column":199}},"type":"binary-expr","locations":[{"start":{"line":448,"column":16},"end":{"line":448,"column":55}},{"start":{"line":448,"column":59},"end":{"line":448,"column":104}},{"start":{"line":448,"column":110},"end":{"line":448,"column":152}},{"start":{"line":448,"column":156},"end":{"line":448,"column":198}}],"line":448},"61":{"loc":{"start":{"line":451,"column":8},"end":{"line":451,"column":50}},"type":"if","locations":[{"start":{"line":451,"column":8},"end":{"line":451,"column":50}},{"start":{"line":451,"column":8},"end":{"line":451,"column":50}}],"line":451},"62":{"loc":{"start":{"line":460,"column":12},"end":{"line":460,"column":173}},"type":"if","locations":[{"start":{"line":460,"column":12},"end":{"line":460,"column":173}},{"start":{"line":460,"column":12},"end":{"line":460,"column":173}}],"line":460},"63":{"loc":{"start":{"line":460,"column":15},"end":{"line":460,"column":163}},"type":"binary-expr","locations":[{"start":{"line":460,"column":15},"end":{"line":460,"column":51}},{"start":{"line":460,"column":55},"end":{"line":460,"column":88}},{"start":{"line":460,"column":92},"end":{"line":460,"column":130}},{"start":{"line":460,"column":134},"end":{"line":460,"column":163}}],"line":460},"64":{"loc":{"start":{"line":490,"column":8},"end":{"line":490,"column":79}},"type":"if","locations":[{"start":{"line":490,"column":8},"end":{"line":490,"column":79}},{"start":{"line":490,"column":8},"end":{"line":490,"column":79}}],"line":490},"65":{"loc":{"start":{"line":491,"column":8},"end":{"line":491,"column":85}},"type":"if","locations":[{"start":{"line":491,"column":8},"end":{"line":491,"column":85}},{"start":{"line":491,"column":8},"end":{"line":491,"column":85}}],"line":491},"66":{"loc":{"start":{"line":496,"column":8},"end":{"line":496,"column":36}},"type":"if","locations":[{"start":{"line":496,"column":8},"end":{"line":496,"column":36}},{"start":{"line":496,"column":8},"end":{"line":496,"column":36}}],"line":496},"67":{"loc":{"start":{"line":505,"column":4},"end":{"line":505,"column":70}},"type":"if","locations":[{"start":{"line":505,"column":4},"end":{"line":505,"column":70}},{"start":{"line":505,"column":4},"end":{"line":505,"column":70}}],"line":505},"68":{"loc":{"start":{"line":506,"column":4},"end":{"line":506,"column":64}},"type":"if","locations":[{"start":{"line":506,"column":4},"end":{"line":506,"column":64}},{"start":{"line":506,"column":4},"end":{"line":506,"column":64}}],"line":506},"69":{"loc":{"start":{"line":508,"column":4},"end":{"line":508,"column":18}},"type":"if","locations":[{"start":{"line":508,"column":4},"end":{"line":508,"column":18}},{"start":{"line":508,"column":4},"end":{"line":508,"column":18}}],"line":508},"70":{"loc":{"start":{"line":516,"column":4},"end":{"line":516,"column":96}},"type":"if","locations":[{"start":{"line":516,"column":4},"end":{"line":516,"column":96}},{"start":{"line":516,"column":4},"end":{"line":516,"column":96}}],"line":516},"71":{"loc":{"start":{"line":517,"column":4},"end":{"line":517,"column":58}},"type":"if","locations":[{"start":{"line":517,"column":4},"end":{"line":517,"column":58}},{"start":{"line":517,"column":4},"end":{"line":517,"column":58}}],"line":517},"72":{"loc":{"start":{"line":519,"column":4},"end":{"line":519,"column":18}},"type":"if","locations":[{"start":{"line":519,"column":4},"end":{"line":519,"column":18}},{"start":{"line":519,"column":4},"end":{"line":519,"column":18}}],"line":519},"73":{"loc":{"start":{"line":528,"column":4},"end":{"line":528,"column":69}},"type":"if","locations":[{"start":{"line":528,"column":4},"end":{"line":528,"column":69}},{"start":{"line":528,"column":4},"end":{"line":528,"column":69}}],"line":528},"74":{"loc":{"start":{"line":529,"column":4},"end":{"line":529,"column":59}},"type":"if","locations":[{"start":{"line":529,"column":4},"end":{"line":529,"column":59}},{"start":{"line":529,"column":4},"end":{"line":529,"column":59}}],"line":529},"75":{"loc":{"start":{"line":531,"column":4},"end":{"line":531,"column":18}},"type":"if","locations":[{"start":{"line":531,"column":4},"end":{"line":531,"column":18}},{"start":{"line":531,"column":4},"end":{"line":531,"column":18}}],"line":531},"76":{"loc":{"start":{"line":540,"column":4},"end":{"line":540,"column":69}},"type":"if","locations":[{"start":{"line":540,"column":4},"end":{"line":540,"column":69}},{"start":{"line":540,"column":4},"end":{"line":540,"column":69}}],"line":540},"77":{"loc":{"start":{"line":552,"column":4},"end":{"line":552,"column":119}},"type":"if","locations":[{"start":{"line":552,"column":4},"end":{"line":552,"column":119}},{"start":{"line":552,"column":4},"end":{"line":552,"column":119}}],"line":552},"78":{"loc":{"start":{"line":552,"column":7},"end":{"line":552,"column":111}},"type":"binary-expr","locations":[{"start":{"line":552,"column":7},"end":{"line":552,"column":54}},{"start":{"line":552,"column":58},"end":{"line":552,"column":111}}],"line":552},"79":{"loc":{"start":{"line":553,"column":4},"end":{"line":553,"column":119}},"type":"if","locations":[{"start":{"line":553,"column":4},"end":{"line":553,"column":119}},{"start":{"line":553,"column":4},"end":{"line":553,"column":119}}],"line":553},"80":{"loc":{"start":{"line":553,"column":7},"end":{"line":553,"column":111}},"type":"binary-expr","locations":[{"start":{"line":553,"column":7},"end":{"line":553,"column":57}},{"start":{"line":553,"column":61},"end":{"line":553,"column":111}}],"line":553},"81":{"loc":{"start":{"line":560,"column":4},"end":{"line":560,"column":49}},"type":"if","locations":[{"start":{"line":560,"column":4},"end":{"line":560,"column":49}},{"start":{"line":560,"column":4},"end":{"line":560,"column":49}}],"line":560},"82":{"loc":{"start":{"line":562,"column":4},"end":{"line":562,"column":18}},"type":"if","locations":[{"start":{"line":562,"column":4},"end":{"line":562,"column":18}},{"start":{"line":562,"column":4},"end":{"line":562,"column":18}}],"line":562},"83":{"loc":{"start":{"line":574,"column":12},"end":{"line":574,"column":52}},"type":"if","locations":[{"start":{"line":574,"column":12},"end":{"line":574,"column":52}},{"start":{"line":574,"column":12},"end":{"line":574,"column":52}}],"line":574},"84":{"loc":{"start":{"line":582,"column":8},"end":{"line":589,"column":9}},"type":"if","locations":[{"start":{"line":582,"column":8},"end":{"line":589,"column":9}},{"start":{"line":582,"column":8},"end":{"line":589,"column":9}}],"line":582},"85":{"loc":{"start":{"line":586,"column":16},"end":{"line":586,"column":61}},"type":"if","locations":[{"start":{"line":586,"column":16},"end":{"line":586,"column":61}},{"start":{"line":586,"column":16},"end":{"line":586,"column":61}}],"line":586},"86":{"loc":{"start":{"line":590,"column":8},"end":{"line":597,"column":9}},"type":"if","locations":[{"start":{"line":590,"column":8},"end":{"line":597,"column":9}},{"start":{"line":590,"column":8},"end":{"line":597,"column":9}}],"line":590},"87":{"loc":{"start":{"line":594,"column":16},"end":{"line":594,"column":64}},"type":"if","locations":[{"start":{"line":594,"column":16},"end":{"line":594,"column":64}},{"start":{"line":594,"column":16},"end":{"line":594,"column":64}}],"line":594},"88":{"loc":{"start":{"line":623,"column":8},"end":{"line":623,"column":46}},"type":"if","locations":[{"start":{"line":623,"column":8},"end":{"line":623,"column":46}},{"start":{"line":623,"column":8},"end":{"line":623,"column":46}}],"line":623},"89":{"loc":{"start":{"line":640,"column":8},"end":{"line":640,"column":59}},"type":"if","locations":[{"start":{"line":640,"column":8},"end":{"line":640,"column":59}},{"start":{"line":640,"column":8},"end":{"line":640,"column":59}}],"line":640},"90":{"loc":{"start":{"line":641,"column":8},"end":{"line":641,"column":59}},"type":"if","locations":[{"start":{"line":641,"column":8},"end":{"line":641,"column":59}},{"start":{"line":641,"column":8},"end":{"line":641,"column":59}}],"line":641},"91":{"loc":{"start":{"line":642,"column":8},"end":{"line":642,"column":57}},"type":"if","locations":[{"start":{"line":642,"column":8},"end":{"line":642,"column":57}},{"start":{"line":642,"column":8},"end":{"line":642,"column":57}}],"line":642},"92":{"loc":{"start":{"line":643,"column":8},"end":{"line":643,"column":57}},"type":"if","locations":[{"start":{"line":643,"column":8},"end":{"line":643,"column":57}},{"start":{"line":643,"column":8},"end":{"line":643,"column":57}}],"line":643},"93":{"loc":{"start":{"line":644,"column":8},"end":{"line":644,"column":59}},"type":"if","locations":[{"start":{"line":644,"column":8},"end":{"line":644,"column":59}},{"start":{"line":644,"column":8},"end":{"line":644,"column":59}}],"line":644},"94":{"loc":{"start":{"line":648,"column":8},"end":{"line":661,"column":9}},"type":"if","locations":[{"start":{"line":648,"column":8},"end":{"line":661,"column":9}},{"start":{"line":648,"column":8},"end":{"line":661,"column":9}}],"line":648},"95":{"loc":{"start":{"line":651,"column":20},"end":{"line":653,"column":21}},"type":"if","locations":[{"start":{"line":651,"column":20},"end":{"line":653,"column":21}},{"start":{"line":651,"column":20},"end":{"line":653,"column":21}}],"line":651},"96":{"loc":{"start":{"line":651,"column":23},"end":{"line":651,"column":94}},"type":"binary-expr","locations":[{"start":{"line":651,"column":23},"end":{"line":651,"column":44}},{"start":{"line":651,"column":48},"end":{"line":651,"column":69}},{"start":{"line":651,"column":73},"end":{"line":651,"column":94}}],"line":651},"97":{"loc":{"start":{"line":656,"column":20},"end":{"line":658,"column":21}},"type":"if","locations":[{"start":{"line":656,"column":20},"end":{"line":658,"column":21}},{"start":{"line":656,"column":20},"end":{"line":658,"column":21}}],"line":656},"98":{"loc":{"start":{"line":656,"column":23},"end":{"line":656,"column":94}},"type":"binary-expr","locations":[{"start":{"line":656,"column":23},"end":{"line":656,"column":44}},{"start":{"line":656,"column":48},"end":{"line":656,"column":69}},{"start":{"line":656,"column":73},"end":{"line":656,"column":94}}],"line":656},"99":{"loc":{"start":{"line":671,"column":8},"end":{"line":675,"column":9}},"type":"if","locations":[{"start":{"line":671,"column":8},"end":{"line":675,"column":9}},{"start":{"line":671,"column":8},"end":{"line":675,"column":9}}],"line":671}},"s":{"0":1,"1":1,"2":1,"3":45,"4":1,"5":1,"6":8,"7":1,"8":25,"9":1,"10":0,"11":1,"12":0,"13":0,"14":0,"15":1,"16":0,"17":0,"18":0,"19":0,"20":1,"21":1,"22":1,"23":1,"24":1,"25":1,"26":1,"27":43,"28":1,"29":1,"30":1,"31":0,"32":0,"33":1,"34":0,"35":0,"36":0,"37":1,"38":16,"39":0,"40":1,"41":0,"42":0,"43":1,"44":0,"45":0,"46":1,"47":0,"48":0,"49":0,"50":0,"51":0,"52":0,"53":0,"54":0,"55":0,"56":0,"57":0,"58":1,"59":0,"60":0,"61":0,"62":0,"63":0,"64":0,"65":0,"66":0,"67":0,"68":0,"69":0,"70":0,"71":0,"72":0,"73":0,"74":0,"75":0,"76":0,"77":0,"78":0,"79":0,"80":0,"81":0,"82":0,"83":0,"84":0,"85":0,"86":0,"87":0,"88":0,"89":0,"90":0,"91":0,"92":0,"93":0,"94":0,"95":0,"96":0,"97":0,"98":0,"99":0,"100":0,"101":0,"102":0,"103":0,"104":0,"105":0,"106":0,"107":0,"108":0,"109":0,"110":0,"111":0,"112":0,"113":0,"114":0,"115":0,"116":0,"117":0,"118":0,"119":0,"120":0,"121":0,"122":0,"123":0,"124":0,"125":0,"126":0,"127":0,"128":0,"129":0,"130":0,"131":0,"132":1,"133":0,"134":0,"135":0,"136":0,"137":0,"138":0,"139":1,"140":0,"141":0,"142":1,"143":0,"144":0,"145":0,"146":0,"147":1,"148":0,"149":0,"150":0,"151":0,"152":0,"153":1,"154":0,"155":0,"156":0,"157":1,"158":0,"159":0,"160":1,"161":0,"162":0,"163":0,"164":0,"165":0,"166":1,"167":0,"168":0,"169":0,"170":1,"171":0,"172":0,"173":1,"174":0,"175":1,"176":0,"177":1,"178":0,"179":1,"180":0,"181":1,"182":1,"183":1,"184":1,"185":1,"186":8,"187":1,"188":10,"189":1,"190":19,"191":19,"192":19,"193":1,"194":1,"195":1,"196":1,"197":1,"198":7,"199":7,"200":7,"201":37,"202":37,"203":1,"204":37,"205":37,"206":1,"207":1,"208":1,"209":12,"210":0,"211":1,"212":0,"213":0,"214":0,"215":0,"216":0,"217":0,"218":0,"219":0,"220":0,"221":0,"222":0,"223":0,"224":0,"225":0,"226":1,"227":0,"228":0,"229":0,"230":0,"231":0,"232":1,"233":0,"234":0,"235":0,"236":0,"237":0,"238":0,"239":0,"240":1,"241":0,"242":0,"243":0,"244":0,"245":0,"246":0,"247":0,"248":0,"249":0,"250":1,"251":0,"252":0,"253":0,"254":0,"255":1,"256":0,"257":0,"258":0,"259":1,"260":0,"261":0,"262":0,"263":0,"264":0,"265":0,"266":0,"267":0,"268":0,"269":0,"270":0,"271":0,"272":0,"273":0,"274":0,"275":0,"276":0,"277":0,"278":0,"279":0,"280":0,"281":0,"282":0,"283":0,"284":0,"285":1,"286":0,"287":0,"288":0,"289":0,"290":1,"291":0,"292":0,"293":0,"294":0,"295":0,"296":0,"297":1,"298":0,"299":0,"300":0,"301":0,"302":0,"303":0,"304":0,"305":0,"306":1,"307":0,"308":0,"309":0,"310":0,"311":0,"312":0,"313":0,"314":0,"315":0,"316":1,"317":0,"318":1,"319":1,"320":1,"321":1,"322":1,"323":1,"324":1,"325":0,"326":0,"327":0,"328":0,"329":0,"330":0,"331":0,"332":0,"333":0,"334":0,"335":0,"336":0,"337":0,"338":0,"339":1,"340":0,"341":0,"342":0,"343":0,"344":0,"345":0,"346":0,"347":0,"348":0,"349":0,"350":0,"351":0,"352":1,"353":0,"354":0,"355":0,"356":0,"357":0,"358":0,"359":0,"360":0,"361":0,"362":0,"363":0,"364":1,"365":0,"366":0,"367":0,"368":0,"369":0,"370":0,"371":0,"372":0,"373":0,"374":0,"375":0,"376":0,"377":1,"378":0,"379":0,"380":0,"381":0,"382":0,"383":0,"384":0,"385":0,"386":1,"387":0,"388":0,"389":0,"390":0,"391":0,"392":0,"393":0,"394":0,"395":0,"396":0,"397":0,"398":1,"399":0,"400":0,"401":0,"402":0,"403":0,"404":0,"405":0,"406":0,"407":0,"408":1,"409":0,"410":0,"411":0,"412":0,"413":0,"414":0,"415":0,"416":0,"417":0,"418":0,"419":0,"420":0,"421":0,"422":0,"423":0,"424":0,"425":0,"426":0,"427":0,"428":0,"429":0,"430":0,"431":0,"432":0,"433":0,"434":0,"435":1,"436":0,"437":0,"438":0,"439":0,"440":0,"441":0,"442":0,"443":0,"444":0,"445":0,"446":0,"447":0,"448":0,"449":0,"450":0,"451":0,"452":0,"453":0,"454":0,"455":0,"456":0,"457":0,"458":0,"459":0,"460":1,"461":0,"462":0,"463":0,"464":0,"465":0,"466":0,"467":1,"468":0,"469":0,"470":0,"471":0,"472":0,"473":0,"474":0,"475":0,"476":0,"477":0,"478":0,"479":0,"480":0,"481":0,"482":0,"483":0,"484":0,"485":0,"486":0,"487":0,"488":0,"489":0,"490":1,"491":0,"492":0,"493":0,"494":0,"495":0,"496":0,"497":0,"498":0,"499":0,"500":1,"501":0,"502":0,"503":1},"f":{"0":45,"1":8,"2":25,"3":0,"4":0,"5":0,"6":43,"7":1,"8":0,"9":16,"10":0,"11":0,"12":0,"13":0,"14":0,"15":0,"16":0,"17":0,"18":0,"19":0,"20":0,"21":0,"22":0,"23":0,"24":0,"25":0,"26":0,"27":0,"28":0,"29":0,"30":0,"31":0,"32":0,"33":0,"34":0,"35":0,"36":0,"37":0,"38":0,"39":0,"40":0,"41":1,"42":8,"43":10,"44":19,"45":7,"46":37,"47":12,"48":0,"49":0,"50":0,"51":0,"52":0,"53":0,"54":0,"55":0,"56":0,"57":0,"58":0,"59":0,"60":0,"61":0,"62":0,"63":0,"64":0,"65":0,"66":0,"67":0,"68":0,"69":0,"70":0,"71":1,"72":0,"73":0,"74":0,"75":0,"76":0,"77":0,"78":0,"79":0,"80":0,"81":0,"82":0,"83":0,"84":0,"85":0,"86":0,"87":0,"88":0,"89":0,"90":0,"91":0,"92":0,"93":0,"94":0},"b":{"0":[0,0,0],"1":[0,0],"2":[0,1],"3":[0,0],"4":[0,0],"5":[0,0],"6":[0,0],"7":[0,0],"8":[0,0,0],"9":[0,0],"10":[0,0,0,0],"11":[0,0],"12":[0,0],"13":[0,0],"14":[0,0],"15":[0,0,0,0,0],"16":[0,0,0,0],"17":[0,0],"18":[0,0],"19":[0,0],"20":[0,0],"21":[0,0,0],"22":[0,0],"23":[0,0],"24":[0,0,0],"25":[0,0],"26":[0,0],"27":[0,0],"28":[0,0],"29":[0,0],"30":[0,0],"31":[0,0],"32":[0,0],"33":[0,0],"34":[0,0],"35":[0,0],"36":[0,0],"37":[0,0,0,0],"38":[0,0],"39":[0,0,0],"40":[0,0],"41":[1,18],"42":[1,36],"43":[0,0],"44":[0,0],"45":[0,0],"46":[0,0],"47":[0,0],"48":[0,0],"49":[0,0,0,0],"50":[0,0],"51":[0,0],"52":[0,0],"53":[0,0],"54":[0,0],"55":[0,0],"56":[0,0],"57":[0,0],"58":[0,0],"59":[0,0],"60":[0,0,0,0],"61":[0,0],"62":[0,0],"63":[0,0,0,0],"64":[0,0],"65":[0,0],"66":[0,0],"67":[0,0],"68":[0,0],"69":[0,0],"70":[0,0],"71":[0,0],"72":[0,0],"73":[0,0],"74":[0,0],"75":[0,0],"76":[0,0],"77":[0,0],"78":[0,0],"79":[0,0],"80":[0,0],"81":[0,0],"82":[0,0],"83":[0,0],"84":[0,0],"85":[0,0],"86":[0,0],"87":[0,0],"88":[0,0],"89":[0,0],"90":[0,0],"91":[0,0],"92":[0,0],"93":[0,0],"94":[0,0],"95":[0,0],"96":[0,0,0],"97":[0,0],"98":[0,0,0],"99":[0,0]},"_coverageSchema":"1a1c01bbd47fc00a2c39e90264f33305004495a9","hash":"08d319c3f6a8823306253597a0333aa500b93767"}
}
