TN:
SF:Model/model.js
FN:4,(anonymous_0)
FN:9,(anonymous_1)
FN:10,(anonymous_2)
FN:11,(anonymous_3)
FN:12,(anonymous_4)
FN:17,(anonymous_5)
FN:78,(anonymous_6)
FN:78,(anonymous_7)
FN:85,(anonymous_8)
FN:91,(anonymous_9)
FN:92,(anonymous_10)
FN:97,(anonymous_11)
FN:100,(anonymous_12)
FN:105,(anonymous_13)
FN:106,(anonymous_14)
FN:108,(anonymous_15)
FN:118,(anonymous_16)
FN:120,(anonymous_17)
FN:121,(anonymous_18)
FN:129,(anonymous_19)
FN:131,(anonymous_20)
FN:139,(anonymous_21)
FN:149,(anonymous_22)
FN:152,(anonymous_23)
FN:166,(anonymous_24)
FN:169,(anonymous_25)
FN:212,(anonymous_26)
FN:216,(anonymous_27)
FN:225,(anonymous_28)
FN:230,(anonymous_29)
FN:237,(anonymous_30)
FN:244,(anonymous_31)
FN:250,(anonymous_32)
FN:255,(anonymous_33)
FN:256,(anonymous_34)
FN:262,(anonymous_35)
FN:268,(anonymous_36)
FN:273,(anonymous_37)
FN:277,(anonymous_38)
FN:279,(anonymous_39)
FN:281,(anonymous_40)
FN:285,(anonymous_41)
FN:306,(anonymous_42)
FN:308,(anonymous_43)
FN:310,(anonymous_44)
FN:328,(anonymous_45)
FN:331,(anonymous_46)
FN:343,(anonymous_47)
FN:344,(anonymous_48)
FN:348,(anonymous_49)
FN:363,(anonymous_50)
FN:365,(anonymous_51)
FN:366,(anonymous_52)
FN:371,(anonymous_53)
FN:380,(anonymous_54)
FN:383,(anonymous_55)
FN:388,(anonymous_56)
FN:395,(anonymous_57)
FN:396,(anonymous_58)
FN:401,(anonymous_59)
FN:407,(anonymous_60)
FN:408,(anonymous_61)
FN:411,(anonymous_62)
FN:412,(anonymous_63)
FN:428,(anonymous_64)
FN:430,(anonymous_65)
FN:436,(anonymous_66)
FN:444,(anonymous_67)
FN:445,(anonymous_68)
FN:456,(anonymous_69)
FN:467,(anonymous_70)
FN:472,(anonymous_71)
FN:486,(anonymous_72)
FN:488,(anonymous_73)
FN:502,(anonymous_74)
FN:514,(anonymous_75)
FN:525,(anonymous_76)
FN:537,(anonymous_77)
FN:547,(anonymous_78)
FN:559,(anonymous_79)
FN:569,(anonymous_80)
FN:572,(anonymous_81)
FN:602,(anonymous_82)
FN:610,(anonymous_83)
FN:618,(anonymous_84)
FN:628,(anonymous_85)
FN:637,(anonymous_86)
FN:639,(anonymous_87)
FN:647,(anonymous_88)
FN:649,(anonymous_89)
FN:650,(anonymous_90)
FN:655,(anonymous_91)
FN:667,(anonymous_92)
FN:670,(anonymous_93)
FN:681,(anonymous_94)
FNF:95
FNH:14
FNDA:45,(anonymous_0)
FNDA:8,(anonymous_1)
FNDA:25,(anonymous_2)
FNDA:0,(anonymous_3)
FNDA:0,(anonymous_4)
FNDA:0,(anonymous_5)
FNDA:43,(anonymous_6)
FNDA:1,(anonymous_7)
FNDA:0,(anonymous_8)
FNDA:16,(anonymous_9)
FNDA:0,(anonymous_10)
FNDA:0,(anonymous_11)
FNDA:0,(anonymous_12)
FNDA:0,(anonymous_13)
FNDA:0,(anonymous_14)
FNDA:0,(anonymous_15)
FNDA:0,(anonymous_16)
FNDA:0,(anonymous_17)
FNDA:0,(anonymous_18)
FNDA:0,(anonymous_19)
FNDA:0,(anonymous_20)
FNDA:0,(anonymous_21)
FNDA:0,(anonymous_22)
FNDA:0,(anonymous_23)
FNDA:0,(anonymous_24)
FNDA:0,(anonymous_25)
FNDA:0,(anonymous_26)
FNDA:0,(anonymous_27)
FNDA:0,(anonymous_28)
FNDA:0,(anonymous_29)
FNDA:0,(anonymous_30)
FNDA:0,(anonymous_31)
FNDA:0,(anonymous_32)
FNDA:0,(anonymous_33)
FNDA:0,(anonymous_34)
FNDA:0,(anonymous_35)
FNDA:0,(anonymous_36)
FNDA:0,(anonymous_37)
FNDA:0,(anonymous_38)
FNDA:0,(anonymous_39)
FNDA:0,(anonymous_40)
FNDA:1,(anonymous_41)
FNDA:8,(anonymous_42)
FNDA:10,(anonymous_43)
FNDA:19,(anonymous_44)
FNDA:7,(anonymous_45)
FNDA:37,(anonymous_46)
FNDA:12,(anonymous_47)
FNDA:0,(anonymous_48)
FNDA:0,(anonymous_49)
FNDA:0,(anonymous_50)
FNDA:0,(anonymous_51)
FNDA:0,(anonymous_52)
FNDA:0,(anonymous_53)
FNDA:0,(anonymous_54)
FNDA:0,(anonymous_55)
FNDA:0,(anonymous_56)
FNDA:0,(anonymous_57)
FNDA:0,(anonymous_58)
FNDA:0,(anonymous_59)
FNDA:0,(anonymous_60)
FNDA:0,(anonymous_61)
FNDA:0,(anonymous_62)
FNDA:0,(anonymous_63)
FNDA:0,(anonymous_64)
FNDA:0,(anonymous_65)
FNDA:0,(anonymous_66)
FNDA:0,(anonymous_67)
FNDA:0,(anonymous_68)
FNDA:0,(anonymous_69)
FNDA:0,(anonymous_70)
FNDA:1,(anonymous_71)
FNDA:0,(anonymous_72)
FNDA:0,(anonymous_73)
FNDA:0,(anonymous_74)
FNDA:0,(anonymous_75)
FNDA:0,(anonymous_76)
FNDA:0,(anonymous_77)
FNDA:0,(anonymous_78)
FNDA:0,(anonymous_79)
FNDA:0,(anonymous_80)
FNDA:0,(anonymous_81)
FNDA:0,(anonymous_82)
FNDA:0,(anonymous_83)
FNDA:0,(anonymous_84)
FNDA:0,(anonymous_85)
FNDA:0,(anonymous_86)
FNDA:0,(anonymous_87)
FNDA:0,(anonymous_88)
FNDA:0,(anonymous_89)
FNDA:0,(anonymous_90)
FNDA:0,(anonymous_91)
FNDA:0,(anonymous_92)
FNDA:0,(anonymous_93)
FNDA:0,(anonymous_94)
DA:1,1
DA:2,1
DA:4,45
DA:5,1
DA:9,8
DA:10,25
DA:11,1
DA:12,1
DA:13,0
DA:14,0
DA:15,0
DA:17,1
DA:18,0
DA:19,0
DA:21,0
DA:24,1
DA:45,1
DA:56,1
DA:74,1
DA:75,1
DA:76,1
DA:78,43
DA:79,1
DA:80,1
DA:81,0
DA:85,1
DA:86,0
DA:87,0
DA:88,0
DA:91,1
DA:92,16
DA:93,0
DA:97,1
DA:98,0
DA:100,0
DA:105,1
DA:106,0
DA:108,1
DA:109,0
DA:110,0
DA:111,0
DA:112,0
DA:113,0
DA:114,0
DA:115,0
DA:118,1
DA:119,0
DA:120,0
DA:121,0
DA:122,0
DA:123,0
DA:124,0
DA:129,0
DA:130,0
DA:131,0
DA:132,0
DA:134,0
DA:136,0
DA:137,0
DA:139,0
DA:140,0
DA:141,0
DA:142,0
DA:143,0
DA:144,0
DA:146,0
DA:149,0
DA:150,0
DA:151,0
DA:152,0
DA:153,0
DA:154,0
DA:155,0
DA:156,0
DA:157,0
DA:158,0
DA:161,0
DA:162,0
DA:166,0
DA:167,0
DA:168,0
DA:169,0
DA:170,0
DA:171,0
DA:172,0
DA:173,0
DA:174,0
DA:175,0
DA:178,0
DA:179,0
DA:183,0
DA:184,0
DA:185,0
DA:186,0
DA:187,0
DA:188,0
DA:191,0
DA:192,0
DA:193,0
DA:194,0
DA:195,0
DA:196,0
DA:197,0
DA:198,0
DA:201,0
DA:202,0
DA:204,0
DA:207,0
DA:210,0
DA:212,0
DA:213,0
DA:216,1
DA:217,0
DA:218,0
DA:219,0
DA:220,0
DA:221,0
DA:222,0
DA:225,1
DA:226,0
DA:227,0
DA:230,1
DA:231,0
DA:232,0
DA:233,0
DA:234,0
DA:237,1
DA:238,0
DA:239,0
DA:240,0
DA:241,0
DA:244,1
DA:245,0
DA:246,0
DA:247,0
DA:250,1
DA:251,0
DA:252,0
DA:255,1
DA:256,0
DA:257,0
DA:258,0
DA:259,0
DA:262,1
DA:263,0
DA:264,0
DA:265,0
DA:268,1
DA:269,0
DA:270,0
DA:273,1
DA:274,0
DA:277,1
DA:279,1
DA:281,1
DA:285,1
DA:286,1
DA:296,1
DA:301,1
DA:306,8
DA:308,10
DA:310,1
DA:311,19
DA:312,19
DA:313,19
DA:316,1
DA:325,1
DA:326,1
DA:327,1
DA:328,1
DA:329,7
DA:330,7
DA:331,7
DA:332,37
DA:333,37
DA:334,37
DA:335,37
DA:339,1
DA:340,1
DA:343,1
DA:344,12
DA:345,0
DA:348,1
DA:349,0
DA:350,0
DA:351,0
DA:352,0
DA:353,0
DA:354,0
DA:356,0
DA:357,0
DA:360,0
DA:363,1
DA:364,0
DA:365,0
DA:366,0
DA:368,0
DA:371,1
DA:372,0
DA:373,0
DA:374,0
DA:375,0
DA:376,0
DA:380,0
DA:383,1
DA:384,0
DA:385,0
DA:386,0
DA:387,0
DA:388,0
DA:389,0
DA:391,0
DA:392,0
DA:395,1
DA:396,0
DA:397,0
DA:398,0
DA:401,1
DA:402,0
DA:403,0
DA:404,0
DA:407,1
DA:408,0
DA:409,0
DA:410,0
DA:411,0
DA:412,0
DA:413,0
DA:414,0
DA:415,0
DA:416,0
DA:417,0
DA:418,0
DA:419,0
DA:421,0
DA:422,0
DA:423,0
DA:424,0
DA:425,0
DA:428,0
DA:430,1
DA:431,0
DA:432,0
DA:434,0
DA:436,1
DA:437,0
DA:438,0
DA:439,0
DA:440,0
DA:442,0
DA:444,1
DA:445,0
DA:446,0
DA:447,0
DA:448,0
DA:450,0
DA:451,0
DA:453,0
DA:456,1
DA:457,0
DA:458,0
DA:459,0
DA:460,0
DA:461,0
DA:464,0
DA:467,1
DA:468,0
DA:472,1
DA:473,1
DA:474,1
DA:481,1
DA:482,1
DA:483,1
DA:486,1
DA:487,0
DA:488,0
DA:489,0
DA:490,0
DA:491,0
DA:493,0
DA:494,0
DA:495,0
DA:496,0
DA:497,0
DA:499,0
DA:502,1
DA:503,0
DA:504,0
DA:505,0
DA:506,0
DA:507,0
DA:508,0
DA:509,0
DA:510,0
DA:511,0
DA:514,1
DA:515,0
DA:516,0
DA:517,0
DA:518,0
DA:519,0
DA:520,0
DA:521,0
DA:522,0
DA:525,1
DA:526,0
DA:527,0
DA:528,0
DA:529,0
DA:530,0
DA:531,0
DA:532,0
DA:533,0
DA:534,0
DA:537,1
DA:538,0
DA:539,0
DA:540,0
DA:541,0
DA:542,0
DA:543,0
DA:544,0
DA:547,1
DA:548,0
DA:549,0
DA:550,0
DA:551,0
DA:552,0
DA:553,0
DA:554,0
DA:555,0
DA:556,0
DA:559,1
DA:560,0
DA:561,0
DA:562,0
DA:563,0
DA:564,0
DA:565,0
DA:566,0
DA:569,1
DA:570,0
DA:571,0
DA:572,0
DA:573,0
DA:574,0
DA:576,0
DA:578,0
DA:579,0
DA:580,0
DA:581,0
DA:582,0
DA:583,0
DA:584,0
DA:585,0
DA:586,0
DA:588,0
DA:590,0
DA:591,0
DA:592,0
DA:593,0
DA:594,0
DA:596,0
DA:599,0
DA:602,1
DA:603,0
DA:604,0
DA:605,0
DA:606,0
DA:607,0
DA:608,0
DA:610,0
DA:611,0
DA:613,0
DA:614,0
DA:615,0
DA:616,0
DA:618,0
DA:619,0
DA:620,0
DA:622,0
DA:623,0
DA:625,0
DA:628,1
DA:629,0
DA:630,0
DA:631,0
DA:632,0
DA:633,0
DA:634,0
DA:637,1
DA:638,0
DA:639,0
DA:640,0
DA:641,0
DA:642,0
DA:643,0
DA:644,0
DA:647,0
DA:648,0
DA:649,0
DA:650,0
DA:651,0
DA:652,0
DA:655,0
DA:656,0
DA:657,0
DA:664,0
DA:667,1
DA:668,0
DA:669,0
DA:670,0
DA:671,0
DA:672,0
DA:673,0
DA:674,0
DA:677,0
DA:678,0
DA:681,1
DA:682,0
DA:683,0
DA:686,1
LF:422
LH:96
BRDA:15,0,0,0
BRDA:15,0,1,0
BRDA:15,0,2,0
BRDA:19,1,0,0
BRDA:19,1,1,0
BRDA:80,2,0,0
BRDA:80,2,1,1
BRDA:100,3,0,0
BRDA:100,3,1,0
BRDA:101,4,0,0
BRDA:101,4,1,0
BRDA:102,5,0,0
BRDA:102,5,1,0
BRDA:106,6,0,0
BRDA:106,6,1,0
BRDA:111,7,0,0
BRDA:111,7,1,0
BRDA:111,8,0,0
BRDA:111,8,1,0
BRDA:111,8,2,0
BRDA:112,9,0,0
BRDA:112,9,1,0
BRDA:112,10,0,0
BRDA:112,10,1,0
BRDA:112,10,2,0
BRDA:112,10,3,0
BRDA:113,11,0,0
BRDA:113,11,1,0
BRDA:113,12,0,0
BRDA:113,12,1,0
BRDA:114,13,0,0
BRDA:114,13,1,0
BRDA:114,14,0,0
BRDA:114,14,1,0
BRDA:124,15,0,0
BRDA:124,15,1,0
BRDA:124,15,2,0
BRDA:124,15,3,0
BRDA:124,15,4,0
BRDA:126,16,0,0
BRDA:126,16,1,0
BRDA:126,16,2,0
BRDA:126,16,3,0
BRDA:132,17,0,0
BRDA:132,17,1,0
BRDA:143,18,0,0
BRDA:143,18,1,0
BRDA:143,19,0,0
BRDA:143,19,1,0
BRDA:144,20,0,0
BRDA:144,20,1,0
BRDA:152,21,0,0
BRDA:152,21,1,0
BRDA:152,21,2,0
BRDA:153,22,0,0
BRDA:153,22,1,0
BRDA:154,23,0,0
BRDA:154,23,1,0
BRDA:169,24,0,0
BRDA:169,24,1,0
BRDA:169,24,2,0
BRDA:170,25,0,0
BRDA:170,25,1,0
BRDA:171,26,0,0
BRDA:171,26,1,0
BRDA:183,27,0,0
BRDA:183,27,1,0
BRDA:185,28,0,0
BRDA:185,28,1,0
BRDA:193,29,0,0
BRDA:193,29,1,0
BRDA:193,30,0,0
BRDA:193,30,1,0
BRDA:218,31,0,0
BRDA:218,31,1,0
BRDA:219,32,0,0
BRDA:219,32,1,0
BRDA:220,33,0,0
BRDA:220,33,1,0
BRDA:221,34,0,0
BRDA:221,34,1,0
BRDA:222,35,0,0
BRDA:222,35,1,0
BRDA:238,36,0,0
BRDA:238,36,1,0
BRDA:274,37,0,0
BRDA:274,37,1,0
BRDA:274,37,2,0
BRDA:274,37,3,0
BRDA:277,38,0,0
BRDA:277,38,1,0
BRDA:279,39,0,0
BRDA:279,39,1,0
BRDA:279,39,2,0
BRDA:281,40,0,0
BRDA:281,40,1,0
BRDA:312,41,0,1
BRDA:312,41,1,18
BRDA:333,42,0,1
BRDA:333,42,1,36
BRDA:352,43,0,0
BRDA:352,43,1,0
BRDA:353,44,0,0
BRDA:353,44,1,0
BRDA:356,45,0,0
BRDA:356,45,1,0
BRDA:357,46,0,0
BRDA:357,46,1,0
BRDA:375,47,0,0
BRDA:375,47,1,0
BRDA:389,48,0,0
BRDA:389,48,1,0
BRDA:408,49,0,0
BRDA:408,49,1,0
BRDA:408,49,2,0
BRDA:408,49,3,0
BRDA:410,50,0,0
BRDA:410,50,1,0
BRDA:410,51,0,0
BRDA:410,51,1,0
BRDA:418,52,0,0
BRDA:418,52,1,0
BRDA:419,53,0,0
BRDA:419,53,1,0
BRDA:422,54,0,0
BRDA:422,54,1,0
BRDA:422,55,0,0
BRDA:422,55,1,0
BRDA:424,56,0,0
BRDA:424,56,1,0
BRDA:425,57,0,0
BRDA:425,57,1,0
BRDA:432,58,0,0
BRDA:432,58,1,0
BRDA:440,59,0,0
BRDA:440,59,1,0
BRDA:448,60,0,0
BRDA:448,60,1,0
BRDA:448,60,2,0
BRDA:448,60,3,0
BRDA:451,61,0,0
BRDA:451,61,1,0
BRDA:460,62,0,0
BRDA:460,62,1,0
BRDA:460,63,0,0
BRDA:460,63,1,0
BRDA:460,63,2,0
BRDA:460,63,3,0
BRDA:490,64,0,0
BRDA:490,64,1,0
BRDA:491,65,0,0
BRDA:491,65,1,0
BRDA:496,66,0,0
BRDA:496,66,1,0
BRDA:505,67,0,0
BRDA:505,67,1,0
BRDA:506,68,0,0
BRDA:506,68,1,0
BRDA:508,69,0,0
BRDA:508,69,1,0
BRDA:516,70,0,0
BRDA:516,70,1,0
BRDA:517,71,0,0
BRDA:517,71,1,0
BRDA:519,72,0,0
BRDA:519,72,1,0
BRDA:528,73,0,0
BRDA:528,73,1,0
BRDA:529,74,0,0
BRDA:529,74,1,0
BRDA:531,75,0,0
BRDA:531,75,1,0
BRDA:540,76,0,0
BRDA:540,76,1,0
BRDA:552,77,0,0
BRDA:552,77,1,0
BRDA:552,78,0,0
BRDA:552,78,1,0
BRDA:553,79,0,0
BRDA:553,79,1,0
BRDA:553,80,0,0
BRDA:553,80,1,0
BRDA:560,81,0,0
BRDA:560,81,1,0
BRDA:562,82,0,0
BRDA:562,82,1,0
BRDA:574,83,0,0
BRDA:574,83,1,0
BRDA:582,84,0,0
BRDA:582,84,1,0
BRDA:586,85,0,0
BRDA:586,85,1,0
BRDA:590,86,0,0
BRDA:590,86,1,0
BRDA:594,87,0,0
BRDA:594,87,1,0
BRDA:623,88,0,0
BRDA:623,88,1,0
BRDA:640,89,0,0
BRDA:640,89,1,0
BRDA:641,90,0,0
BRDA:641,90,1,0
BRDA:642,91,0,0
BRDA:642,91,1,0
BRDA:643,92,0,0
BRDA:643,92,1,0
BRDA:644,93,0,0
BRDA:644,93,1,0
BRDA:648,94,0,0
BRDA:648,94,1,0
BRDA:651,95,0,0
BRDA:651,95,1,0
BRDA:651,96,0,0
BRDA:651,96,1,0
BRDA:651,96,2,0
BRDA:656,97,0,0
BRDA:656,97,1,0
BRDA:656,98,0,0
BRDA:656,98,1,0
BRDA:656,98,2,0
BRDA:671,99,0,0
BRDA:671,99,1,0
BRF:222
BRH:5
end_of_record
